[1014/175259.496:INFO:crash_reporting.cc(219)] Crash reporting enabled for process: browser
[1014/175300.036:INFO:crash_reporting.cc(219)] Crash reporting enabled for process: utility
[1014/175300.340:INFO:crash_reporting.cc(219)] Crash reporting enabled for process: gpu-process
[1014/175300.386:INFO:crash_reporting.cc(219)] Crash reporting enabled for process: renderer
[1014/175302.182:INFO:CONSOLE(1)] "use unload event:pagehide", source: https://friday.cvte.com/agent/sdk/js/v2/fa.js?_appId=3495aa66a745c0051b49e7d3e92c573d (1)
[1015/201349.146:INFO:crash_reporting.cc(219)] Crash reporting enabled for process: browser
[1015/201349.890:INFO:crash_reporting.cc(219)] Crash reporting enabled for process: utility
[1015/201350.306:INFO:crash_reporting.cc(219)] Crash reporting enabled for process: gpu-process
[1015/201350.314:INFO:crash_reporting.cc(219)] Crash reporting enabled for process: renderer
[1015/201358.491:INFO:crash_reporting.cc(219)] Crash reporting enabled for process: renderer
[1015/201358.712:INFO:crash_reporting.cc(219)] Crash reporting enabled for process: renderer
[1015/201359.010:INFO:CONSOLE(719)] "A parser-blocking, cross site (i.e. different eTLD+1) script, https://ss1.bdstatic.com/5eN1bjq8AAUYm2zgoY3K/r/www/cache/static/protocol/https/global/js/all_async_search_b8e0c61.js, is invoked via document.write. The network request for this script MAY be blocked by the browser in this or a future page load due to poor network connectivity. If blocked in this page load, it will be confirmed in a subsequent console message. See https://www.chromestatus.com/feature/5718547946799104 for more details.", source: https://www.baidu.com/ (719)
[1015/201359.011:INFO:CONSOLE(719)] "A parser-blocking, cross site (i.e. different eTLD+1) script, https://ss1.bdstatic.com/5eN1bjq8AAUYm2zgoY3K/r/www/cache/static/protocol/https/global/js/all_async_search_b8e0c61.js, is invoked via document.write. The network request for this script MAY be blocked by the browser in this or a future page load due to poor network connectivity. If blocked in this page load, it will be confirmed in a subsequent console message. See https://www.chromestatus.com/feature/5718547946799104 for more details.", source: https://www.baidu.com/ (719)
[1015/201359.033:INFO:CONSOLE(4)] "Uncaught ReferenceError: c is not defined", source: https://ss1.bdstatic.com/5eN1bjq8AAUYm2zgoY3K/r/www/cache/static/protocol/https/plugins/every_cookie_4644b13.js (4)
[1015/201359.078:INFO:CONSOLE(181)] "你在电脑前看这段文字，
写文字的人在百度等你。
N年前你来到了这个世界，
N年后你想改变世界。

期待你脚踏祥云，
与百度一起改变世界。
", source: https://ss1.bdstatic.com/5eN1bjq8AAUYm2zgoY3K/r/www/cache/static/protocol/https/global/js/all_async_search_b8e0c61.js (181)
[1015/201359.079:INFO:CONSOLE(181)] "%c百度2020校园招聘简历提交：http://dwz.cn/XpoFdepe", source: https://ss1.bdstatic.com/5eN1bjq8AAUYm2zgoY3K/r/www/cache/static/protocol/https/global/js/all_async_search_b8e0c61.js (181)
[1015/201404.604:INFO:crash_reporting.cc(219)] Crash reporting enabled for process: gpu-process
[1015/201416.913:INFO:CONSOLE(4201)] "A parser-blocking, cross site (i.e. different eTLD+1) script, https://ss1.bdstatic.com/5eN1bjq8AAUYm2zgoY3K/r/www/cache/static/protocol/https/global/js/all_async_search_b8e0c61.js, is invoked via document.write. The network request for this script MAY be blocked by the browser in this or a future page load due to poor network connectivity. If blocked in this page load, it will be confirmed in a subsequent console message. See https://www.chromestatus.com/feature/5718547946799104 for more details.", source: https://www.baidu.com/s?tn=baidu&rsv_idx=1&wd=%E5%8F%8C%E8%89%B2%E7%90%83%E5%9F%BA%E6%9C%AC%E8%B5%B0%E5%8A%BF%E5%9B%BE&rsv_crq=6&bs=%E5%8F%8C%E8%89%B2%E7%90%83%E5%BC%80%E5%A5%96%E7%BB%93%E6%9E%9C (4201)
[1015/201416.919:INFO:CONSOLE(4201)] "A parser-blocking, cross site (i.e. different eTLD+1) script, https://ss1.bdstatic.com/5eN1bjq8AAUYm2zgoY3K/r/www/cache/static/protocol/https/global/js/all_async_search_b8e0c61.js, is invoked via document.write. The network request for this script MAY be blocked by the browser in this or a future page load due to poor network connectivity. If blocked in this page load, it will be confirmed in a subsequent console message. See https://www.chromestatus.com/feature/5718547946799104 for more details.", source: https://www.baidu.com/s?tn=baidu&rsv_idx=1&wd=%E5%8F%8C%E8%89%B2%E7%90%83%E5%9F%BA%E6%9C%AC%E8%B5%B0%E5%8A%BF%E5%9B%BE&rsv_crq=6&bs=%E5%8F%8C%E8%89%B2%E7%90%83%E5%BC%80%E5%A5%96%E7%BB%93%E6%9E%9C (4201)
[1015/201416.935:INFO:CONSOLE(181)] "你在电脑前看这段文字，
写文字的人在百度等你。
N年前你来到了这个世界，
N年后你想改变世界。

期待你脚踏祥云，
与百度一起改变世界。
", source: https://ss1.bdstatic.com/5eN1bjq8AAUYm2zgoY3K/r/www/cache/static/protocol/https/global/js/all_async_search_b8e0c61.js (181)
[1015/201416.936:INFO:CONSOLE(181)] "%c百度2020校园招聘简历提交：http://dwz.cn/XpoFdepe", source: https://ss1.bdstatic.com/5eN1bjq8AAUYm2zgoY3K/r/www/cache/static/protocol/https/global/js/all_async_search_b8e0c61.js (181)
[1015/201435.366:INFO:CONSOLE(92)] "Uncaught TypeError: Cannot read property '1' of null", source: https://www.500cache.com/public/js/stats.js?v=123 (92)
[1015/201612.081:INFO:CONSOLE(391)] "--360", source: http://www.500.com/wap/index.php (391)
[1015/201612.100:INFO:CONSOLE(391)] "--360", source: http://www.500.com/wap/index.php (391)
[1015/201612.114:INFO:CONSOLE(391)] "--360", source: http://www.500.com/wap/index.php (391)
[1015/201612.139:INFO:CONSOLE(391)] "--360", source: http://www.500.com/wap/index.php (391)
[1015/201612.156:INFO:CONSOLE(391)] "--360", source: http://www.500.com/wap/index.php (391)
[1015/201612.165:INFO:CONSOLE(391)] "--360", source: http://www.500.com/wap/index.php (391)
[1015/201612.181:INFO:CONSOLE(391)] "--360", source: http://www.500.com/wap/index.php (391)
[1015/201612.199:INFO:CONSOLE(391)] "--360", source: http://www.500.com/wap/index.php (391)
[1015/201612.215:INFO:CONSOLE(391)] "--360", source: http://www.500.com/wap/index.php (391)
[1015/201612.466:INFO:CONSOLE(391)] "--360", source: http://www.500.com/wap/index.php (391)
[1015/201612.482:INFO:CONSOLE(391)] "--360", source: http://www.500.com/wap/index.php (391)
[1015/201612.499:INFO:CONSOLE(391)] "--360", source: http://www.500.com/wap/index.php (391)
[1015/201612.516:INFO:CONSOLE(391)] "--360", source: http://www.500.com/wap/index.php (391)
[1015/201612.665:INFO:CONSOLE(391)] "--360", source: http://www.500.com/wap/index.php (391)
[1015/201612.682:INFO:CONSOLE(391)] "--360", source: http://www.500.com/wap/index.php (391)
[1015/201612.714:INFO:CONSOLE(391)] "--360", source: http://www.500.com/wap/index.php (391)
[1015/201612.731:INFO:CONSOLE(391)] "--360", source: http://www.500.com/wap/index.php (391)
[1015/201612.749:INFO:CONSOLE(391)] "--360", source: http://www.500.com/wap/index.php (391)
[1015/201612.766:INFO:CONSOLE(391)] "--360", source: http://www.500.com/wap/index.php (391)
[1015/201612.783:INFO:CONSOLE(391)] "--360", source: http://www.500.com/wap/index.php (391)
[1015/201612.801:INFO:CONSOLE(391)] "--360", source: http://www.500.com/wap/index.php (391)
[1015/201612.815:INFO:CONSOLE(391)] "--360", source: http://www.500.com/wap/index.php (391)
[1015/201612.832:INFO:CONSOLE(391)] "--360", source: http://www.500.com/wap/index.php (391)
[1015/201612.931:INFO:CONSOLE(391)] "--360", source: http://www.500.com/wap/index.php (391)
[1015/201612.947:INFO:CONSOLE(391)] "--360", source: http://www.500.com/wap/index.php (391)
[1015/201612.964:INFO:CONSOLE(391)] "--360", source: http://www.500.com/wap/index.php (391)
[1015/201612.983:INFO:CONSOLE(391)] "--360", source: http://www.500.com/wap/index.php (391)
[1015/201613.008:INFO:CONSOLE(391)] "--360", source: http://www.500.com/wap/index.php (391)
[1015/201613.050:INFO:CONSOLE(391)] "--360", source: http://www.500.com/wap/index.php (391)
[1015/201613.065:INFO:CONSOLE(391)] "--360", source: http://www.500.com/wap/index.php (391)
[1015/201613.082:INFO:CONSOLE(391)] "--360", source: http://www.500.com/wap/index.php (391)
[1015/201613.099:INFO:CONSOLE(391)] "--360", source: http://www.500.com/wap/index.php (391)
[1015/201613.200:INFO:CONSOLE(391)] "--360", source: http://www.500.com/wap/index.php (391)
[1015/201613.215:INFO:CONSOLE(391)] "--360", source: http://www.500.com/wap/index.php (391)
[1015/201613.232:INFO:CONSOLE(391)] "--360", source: http://www.500.com/wap/index.php (391)
[1015/201613.248:INFO:CONSOLE(391)] "--360", source: http://www.500.com/wap/index.php (391)
[1015/201613.265:INFO:CONSOLE(391)] "--360", source: http://www.500.com/wap/index.php (391)
[1015/201613.282:INFO:CONSOLE(391)] "--360", source: http://www.500.com/wap/index.php (391)
[1015/201613.299:INFO:CONSOLE(391)] "--360", source: http://www.500.com/wap/index.php (391)
[1015/201613.315:INFO:CONSOLE(391)] "--360", source: http://www.500.com/wap/index.php (391)
[1015/201613.331:INFO:CONSOLE(391)] "--360", source: http://www.500.com/wap/index.php (391)
[1015/201613.349:INFO:CONSOLE(391)] "--360", source: http://www.500.com/wap/index.php (391)
[1015/201614.221:INFO:CONSOLE(391)] "--360", source: http://www.500.com/wap/index.php (391)
[1015/201614.240:INFO:CONSOLE(391)] "--360", source: http://www.500.com/wap/index.php (391)
[1015/201614.249:INFO:CONSOLE(391)] "--360", source: http://www.500.com/wap/index.php (391)
[1015/201614.266:INFO:CONSOLE(391)] "--360", source: http://www.500.com/wap/index.php (391)
[1015/201614.283:INFO:CONSOLE(391)] "--360", source: http://www.500.com/wap/index.php (391)
[1015/201614.299:INFO:CONSOLE(391)] "--360", source: http://www.500.com/wap/index.php (391)
[1015/201614.315:INFO:CONSOLE(391)] "--360", source: http://www.500.com/wap/index.php (391)
[1015/201614.334:INFO:CONSOLE(391)] "--360", source: http://www.500.com/wap/index.php (391)
[1015/201614.350:INFO:CONSOLE(391)] "--360", source: http://www.500.com/wap/index.php (391)
[1015/201614.366:INFO:CONSOLE(391)] "--360", source: http://www.500.com/wap/index.php (391)
[1015/201614.450:INFO:CONSOLE(391)] "--360", source: http://www.500.com/wap/index.php (391)
[1015/201614.466:INFO:CONSOLE(391)] "--360", source: http://www.500.com/wap/index.php (391)
[1015/201614.483:INFO:CONSOLE(391)] "--360", source: http://www.500.com/wap/index.php (391)
[1015/201614.500:INFO:CONSOLE(391)] "--360", source: http://www.500.com/wap/index.php (391)
[1015/201614.517:INFO:CONSOLE(391)] "--360", source: http://www.500.com/wap/index.php (391)
[1015/201614.533:INFO:CONSOLE(391)] "--360", source: http://www.500.com/wap/index.php (391)
[1015/201614.549:INFO:CONSOLE(391)] "--360", source: http://www.500.com/wap/index.php (391)
[1015/201614.566:INFO:CONSOLE(391)] "--360", source: http://www.500.com/wap/index.php (391)
[1015/201614.583:INFO:CONSOLE(391)] "--360", source: http://www.500.com/wap/index.php (391)
[1015/201614.600:INFO:CONSOLE(391)] "--360", source: http://www.500.com/wap/index.php (391)
[1015/201614.682:INFO:CONSOLE(391)] "--360", source: http://www.500.com/wap/index.php (391)
[1015/201614.698:INFO:CONSOLE(391)] "--360", source: http://www.500.com/wap/index.php (391)
[1015/201614.716:INFO:CONSOLE(391)] "--360", source: http://www.500.com/wap/index.php (391)
[1015/201614.732:INFO:CONSOLE(391)] "--360", source: http://www.500.com/wap/index.php (391)
[1015/201614.749:INFO:CONSOLE(391)] "--360", source: http://www.500.com/wap/index.php (391)
[1015/201614.768:INFO:CONSOLE(391)] "--360", source: http://www.500.com/wap/index.php (391)
[1015/201614.784:INFO:CONSOLE(391)] "--360", source: http://www.500.com/wap/index.php (391)
[1015/201614.799:INFO:CONSOLE(391)] "--360", source: http://www.500.com/wap/index.php (391)
[1015/201614.815:INFO:CONSOLE(391)] "--360", source: http://www.500.com/wap/index.php (391)
[1015/201614.832:INFO:CONSOLE(391)] "--360", source: http://www.500.com/wap/index.php (391)
[1015/201614.849:INFO:CONSOLE(391)] "--360", source: http://www.500.com/wap/index.php (391)
[1015/201614.898:INFO:CONSOLE(391)] "--360", source: http://www.500.com/wap/index.php (391)
[1015/201614.916:INFO:CONSOLE(391)] "--360", source: http://www.500.com/wap/index.php (391)
[1015/201614.932:INFO:CONSOLE(391)] "--360", source: http://www.500.com/wap/index.php (391)
[1015/201614.948:INFO:CONSOLE(391)] "--360", source: http://www.500.com/wap/index.php (391)
[1015/201614.966:INFO:CONSOLE(391)] "--360", source: http://www.500.com/wap/index.php (391)
[1015/201614.984:INFO:CONSOLE(391)] "--360", source: http://www.500.com/wap/index.php (391)
[1015/201635.343:INFO:CONSOLE(2)] "JQMIGRATE: Migrate is installed, version 1.4.1", source: https://cdn.kuaidi100.com/js/util/jquery-migrate-1.4.1.min.js (2)
[1015/201642.355:INFO:CONSOLE(2)] "JQMIGRATE: Migrate is installed, version 1.4.1", source: https://cdn.kuaidi100.com/js/util/jquery-migrate-1.4.1.min.js (2)
[1015/201806.868:INFO:CONSOLE(1)] "Uncaught ReferenceError: buildAttribution is not defined", source: https://googleads.g.doubleclick.net/pagead/ads?client=ca-pub-3195725015930868&output=html&h=280&slotname=5665525344&adk=3234390824&adf=3317876603&w=820&fwrn=4&fwrnh=100&lmt=1571141865&rafmt=1&guci=2.2.0.0.2.2.0.0&format=820x280&url=https%3A%2F%2Fwww.ickd.cn%2F&flash=0&fwr=0&rpe=1&resp_fmts=3&wgl=1&dt=1571141865196&bpp=10&bdt=1005&fdt=194&idt=195&shv=r20191010&cbv=r20190131&saldr=aa&abxe=1&correlator=4042639802893&frm=20&pv=2&ga_vid=237338225.1571141865&ga_sid=1571141865&ga_hid=435039983&ga_fc=0&iag=0&icsg=2684878849&dssz=18&mdo=0&mso=8&u_tz=480&u_his=1&u_java=0&u_h=1080&u_w=1920&u_ah=1040&u_aw=1920&u_cd=24&u_nplug=2&u_nmime=2&adx=484&ady=271&biw=1407&bih=720&scr_x=0&scr_y=0&eid=20199335%2C21064715&oid=3&pvsid=3355631927449889&pem=97&ref=https%3A%2F%2Fwww.baidu.com%2Flink%3Furl%3DbnPfQqqAmV8eCKh8AGcQCKO6gANhKVFBp7-47OugcU_%26wd%3D%26eqid%3Dda7b7e9d0012f819000000065da5b8bb&rx=0&eae=0&fc=896&brdim=112%2C135%2C112%2C135%2C1920%2C0%2C1424%2C720%2C1424%2C720&vis=1&rsz=%7C%7CeE%7C&abl=CS&pfx=0&fu=152&bc=31&ifi=1&uci=a!1&fsb=1&xpc=BXlG8LuEZf&p=https%3A//www.ickd.cn&dtd=295 (1)
[1015/201806.870:INFO:CONSOLE(1)] "Uncaught ReferenceError: buildAdSlot is not defined", source: https://googleads.g.doubleclick.net/pagead/ads?client=ca-pub-3195725015930868&output=html&h=280&slotname=5665525344&adk=3234390824&adf=3317876603&w=820&fwrn=4&fwrnh=100&lmt=1571141865&rafmt=1&guci=2.2.0.0.2.2.0.0&format=820x280&url=https%3A%2F%2Fwww.ickd.cn%2F&flash=0&fwr=0&rpe=1&resp_fmts=3&wgl=1&dt=1571141865196&bpp=10&bdt=1005&fdt=194&idt=195&shv=r20191010&cbv=r20190131&saldr=aa&abxe=1&correlator=4042639802893&frm=20&pv=2&ga_vid=237338225.1571141865&ga_sid=1571141865&ga_hid=435039983&ga_fc=0&iag=0&icsg=2684878849&dssz=18&mdo=0&mso=8&u_tz=480&u_his=1&u_java=0&u_h=1080&u_w=1920&u_ah=1040&u_aw=1920&u_cd=24&u_nplug=2&u_nmime=2&adx=484&ady=271&biw=1407&bih=720&scr_x=0&scr_y=0&eid=20199335%2C21064715&oid=3&pvsid=3355631927449889&pem=97&ref=https%3A%2F%2Fwww.baidu.com%2Flink%3Furl%3DbnPfQqqAmV8eCKh8AGcQCKO6gANhKVFBp7-47OugcU_%26wd%3D%26eqid%3Dda7b7e9d0012f819000000065da5b8bb&rx=0&eae=0&fc=896&brdim=112%2C135%2C112%2C135%2C1920%2C0%2C1424%2C720%2C1424%2C720&vis=1&rsz=%7C%7CeE%7C&abl=CS&pfx=0&fu=152&bc=31&ifi=1&uci=a!1&fsb=1&xpc=BXlG8LuEZf&p=https%3A//www.ickd.cn&dtd=295 (1)
[1015/201806.871:INFO:CONSOLE(1)] "Uncaught TypeError: _.y is not a function", source: https://googleads.g.doubleclick.net/pagead/ads?client=ca-pub-3195725015930868&output=html&h=280&slotname=5665525344&adk=3234390824&adf=3317876603&w=820&fwrn=4&fwrnh=100&lmt=1571141865&rafmt=1&guci=2.2.0.0.2.2.0.0&format=820x280&url=https%3A%2F%2Fwww.ickd.cn%2F&flash=0&fwr=0&rpe=1&resp_fmts=3&wgl=1&dt=1571141865196&bpp=10&bdt=1005&fdt=194&idt=195&shv=r20191010&cbv=r20190131&saldr=aa&abxe=1&correlator=4042639802893&frm=20&pv=2&ga_vid=237338225.1571141865&ga_sid=1571141865&ga_hid=435039983&ga_fc=0&iag=0&icsg=2684878849&dssz=18&mdo=0&mso=8&u_tz=480&u_his=1&u_java=0&u_h=1080&u_w=1920&u_ah=1040&u_aw=1920&u_cd=24&u_nplug=2&u_nmime=2&adx=484&ady=271&biw=1407&bih=720&scr_x=0&scr_y=0&eid=20199335%2C21064715&oid=3&pvsid=3355631927449889&pem=97&ref=https%3A%2F%2Fwww.baidu.com%2Flink%3Furl%3DbnPfQqqAmV8eCKh8AGcQCKO6gANhKVFBp7-47OugcU_%26wd%3D%26eqid%3Dda7b7e9d0012f819000000065da5b8bb&rx=0&eae=0&fc=896&brdim=112%2C135%2C112%2C135%2C1920%2C0%2C1424%2C720%2C1424%2C720&vis=1&rsz=%7C%7CeE%7C&abl=CS&pfx=0&fu=152&bc=31&ifi=1&uci=a!1&fsb=1&xpc=BXlG8LuEZf&p=https%3A//www.ickd.cn&dtd=295 (1)
[1015/201806.871:INFO:CONSOLE(1)] "Uncaught ReferenceError: init_icr is not defined", source: https://googleads.g.doubleclick.net/pagead/ads?client=ca-pub-3195725015930868&output=html&h=280&slotname=5665525344&adk=3234390824&adf=3317876603&w=820&fwrn=4&fwrnh=100&lmt=1571141865&rafmt=1&guci=2.2.0.0.2.2.0.0&format=820x280&url=https%3A%2F%2Fwww.ickd.cn%2F&flash=0&fwr=0&rpe=1&resp_fmts=3&wgl=1&dt=1571141865196&bpp=10&bdt=1005&fdt=194&idt=195&shv=r20191010&cbv=r20190131&saldr=aa&abxe=1&correlator=4042639802893&frm=20&pv=2&ga_vid=237338225.1571141865&ga_sid=1571141865&ga_hid=435039983&ga_fc=0&iag=0&icsg=2684878849&dssz=18&mdo=0&mso=8&u_tz=480&u_his=1&u_java=0&u_h=1080&u_w=1920&u_ah=1040&u_aw=1920&u_cd=24&u_nplug=2&u_nmime=2&adx=484&ady=271&biw=1407&bih=720&scr_x=0&scr_y=0&eid=20199335%2C21064715&oid=3&pvsid=3355631927449889&pem=97&ref=https%3A%2F%2Fwww.baidu.com%2Flink%3Furl%3DbnPfQqqAmV8eCKh8AGcQCKO6gANhKVFBp7-47OugcU_%26wd%3D%26eqid%3Dda7b7e9d0012f819000000065da5b8bb&rx=0&eae=0&fc=896&brdim=112%2C135%2C112%2C135%2C1920%2C0%2C1424%2C720%2C1424%2C720&vis=1&rsz=%7C%7CeE%7C&abl=CS&pfx=0&fu=152&bc=31&ifi=1&uci=a!1&fsb=1&xpc=BXlG8LuEZf&p=https%3A//www.ickd.cn&dtd=295 (1)
[1015/201806.901:INFO:CONSOLE(1)] "Uncaught ReferenceError: googqscp is not defined", source: https://googleads.g.doubleclick.net/pagead/ads?client=ca-pub-3195725015930868&output=html&h=280&slotname=5665525344&adk=3234390824&adf=3317876603&w=820&fwrn=4&fwrnh=100&lmt=1571141865&rafmt=1&guci=2.2.0.0.2.2.0.0&format=820x280&url=https%3A%2F%2Fwww.ickd.cn%2F&flash=0&fwr=0&rpe=1&resp_fmts=3&wgl=1&dt=1571141865196&bpp=10&bdt=1005&fdt=194&idt=195&shv=r20191010&cbv=r20190131&saldr=aa&abxe=1&correlator=4042639802893&frm=20&pv=2&ga_vid=237338225.1571141865&ga_sid=1571141865&ga_hid=435039983&ga_fc=0&iag=0&icsg=2684878849&dssz=18&mdo=0&mso=8&u_tz=480&u_his=1&u_java=0&u_h=1080&u_w=1920&u_ah=1040&u_aw=1920&u_cd=24&u_nplug=2&u_nmime=2&adx=484&ady=271&biw=1407&bih=720&scr_x=0&scr_y=0&eid=20199335%2C21064715&oid=3&pvsid=3355631927449889&pem=97&ref=https%3A%2F%2Fwww.baidu.com%2Flink%3Furl%3DbnPfQqqAmV8eCKh8AGcQCKO6gANhKVFBp7-47OugcU_%26wd%3D%26eqid%3Dda7b7e9d0012f819000000065da5b8bb&rx=0&eae=0&fc=896&brdim=112%2C135%2C112%2C135%2C1920%2C0%2C1424%2C720%2C1424%2C720&vis=1&rsz=%7C%7CeE%7C&abl=CS&pfx=0&fu=152&bc=31&ifi=1&uci=a!1&fsb=1&xpc=BXlG8LuEZf&p=https%3A//www.ickd.cn&dtd=295 (1)
[1015/201806.901:INFO:CONSOLE(1)] "Uncaught ReferenceError: buildImageAd is not defined", source: https://googleads.g.doubleclick.net/pagead/ads?client=ca-pub-3195725015930868&output=html&h=280&slotname=5665525344&adk=3234390824&adf=3317876603&w=820&fwrn=4&fwrnh=100&lmt=1571141865&rafmt=1&guci=2.2.0.0.2.2.0.0&format=820x280&url=https%3A%2F%2Fwww.ickd.cn%2F&flash=0&fwr=0&rpe=1&resp_fmts=3&wgl=1&dt=1571141865196&bpp=10&bdt=1005&fdt=194&idt=195&shv=r20191010&cbv=r20190131&saldr=aa&abxe=1&correlator=4042639802893&frm=20&pv=2&ga_vid=237338225.1571141865&ga_sid=1571141865&ga_hid=435039983&ga_fc=0&iag=0&icsg=2684878849&dssz=18&mdo=0&mso=8&u_tz=480&u_his=1&u_java=0&u_h=1080&u_w=1920&u_ah=1040&u_aw=1920&u_cd=24&u_nplug=2&u_nmime=2&adx=484&ady=271&biw=1407&bih=720&scr_x=0&scr_y=0&eid=20199335%2C21064715&oid=3&pvsid=3355631927449889&pem=97&ref=https%3A%2F%2Fwww.baidu.com%2Flink%3Furl%3DbnPfQqqAmV8eCKh8AGcQCKO6gANhKVFBp7-47OugcU_%26wd%3D%26eqid%3Dda7b7e9d0012f819000000065da5b8bb&rx=0&eae=0&fc=896&brdim=112%2C135%2C112%2C135%2C1920%2C0%2C1424%2C720%2C1424%2C720&vis=1&rsz=%7C%7CeE%7C&abl=CS&pfx=0&fu=152&bc=31&ifi=1&uci=a!1&fsb=1&xpc=BXlG8LuEZf&p=https%3A//www.ickd.cn&dtd=295 (1)
[1015/201806.902:INFO:CONSOLE(1)] "Uncaught TypeError: _.q is not a function", source: https://googleads.g.doubleclick.net/pagead/ads?client=ca-pub-3195725015930868&output=html&h=280&slotname=5665525344&adk=3234390824&adf=3317876603&w=820&fwrn=4&fwrnh=100&lmt=1571141865&rafmt=1&guci=2.2.0.0.2.2.0.0&format=820x280&url=https%3A%2F%2Fwww.ickd.cn%2F&flash=0&fwr=0&rpe=1&resp_fmts=3&wgl=1&dt=1571141865196&bpp=10&bdt=1005&fdt=194&idt=195&shv=r20191010&cbv=r20190131&saldr=aa&abxe=1&correlator=4042639802893&frm=20&pv=2&ga_vid=237338225.1571141865&ga_sid=1571141865&ga_hid=435039983&ga_fc=0&iag=0&icsg=2684878849&dssz=18&mdo=0&mso=8&u_tz=480&u_his=1&u_java=0&u_h=1080&u_w=1920&u_ah=1040&u_aw=1920&u_cd=24&u_nplug=2&u_nmime=2&adx=484&ady=271&biw=1407&bih=720&scr_x=0&scr_y=0&eid=20199335%2C21064715&oid=3&pvsid=3355631927449889&pem=97&ref=https%3A%2F%2Fwww.baidu.com%2Flink%3Furl%3DbnPfQqqAmV8eCKh8AGcQCKO6gANhKVFBp7-47OugcU_%26wd%3D%26eqid%3Dda7b7e9d0012f819000000065da5b8bb&rx=0&eae=0&fc=896&brdim=112%2C135%2C112%2C135%2C1920%2C0%2C1424%2C720%2C1424%2C720&vis=1&rsz=%7C%7CeE%7C&abl=CS&pfx=0&fu=152&bc=31&ifi=1&uci=a!1&fsb=1&xpc=BXlG8LuEZf&p=https%3A//www.ickd.cn&dtd=295 (1)
[1015/201806.902:INFO:CONSOLE(1)] "Uncaught ReferenceError: registerAd is not defined", source: https://googleads.g.doubleclick.net/pagead/ads?client=ca-pub-3195725015930868&output=html&h=280&slotname=5665525344&adk=3234390824&adf=3317876603&w=820&fwrn=4&fwrnh=100&lmt=1571141865&rafmt=1&guci=2.2.0.0.2.2.0.0&format=820x280&url=https%3A%2F%2Fwww.ickd.cn%2F&flash=0&fwr=0&rpe=1&resp_fmts=3&wgl=1&dt=1571141865196&bpp=10&bdt=1005&fdt=194&idt=195&shv=r20191010&cbv=r20190131&saldr=aa&abxe=1&correlator=4042639802893&frm=20&pv=2&ga_vid=237338225.1571141865&ga_sid=1571141865&ga_hid=435039983&ga_fc=0&iag=0&icsg=2684878849&dssz=18&mdo=0&mso=8&u_tz=480&u_his=1&u_java=0&u_h=1080&u_w=1920&u_ah=1040&u_aw=1920&u_cd=24&u_nplug=2&u_nmime=2&adx=484&ady=271&biw=1407&bih=720&scr_x=0&scr_y=0&eid=20199335%2C21064715&oid=3&pvsid=3355631927449889&pem=97&ref=https%3A%2F%2Fwww.baidu.com%2Flink%3Furl%3DbnPfQqqAmV8eCKh8AGcQCKO6gANhKVFBp7-47OugcU_%26wd%3D%26eqid%3Dda7b7e9d0012f819000000065da5b8bb&rx=0&eae=0&fc=896&brdim=112%2C135%2C112%2C135%2C1920%2C0%2C1424%2C720%2C1424%2C720&vis=1&rsz=%7C%7CeE%7C&abl=CS&pfx=0&fu=152&bc=31&ifi=1&uci=a!1&fsb=1&xpc=BXlG8LuEZf&p=https%3A//www.ickd.cn&dtd=295 (1)
[1015/202403.857:INFO:crash_reporting.cc(219)] Crash reporting enabled for process: browser
[1015/202404.555:INFO:crash_reporting.cc(219)] Crash reporting enabled for process: utility
[1015/202523.461:INFO:crash_reporting.cc(219)] Crash reporting enabled for process: browser
[1015/202524.019:INFO:crash_reporting.cc(219)] Crash reporting enabled for process: utility
[1015/202524.720:INFO:crash_reporting.cc(219)] Crash reporting enabled for process: gpu-process
[1015/202524.767:INFO:crash_reporting.cc(219)] Crash reporting enabled for process: renderer
[1015/202524.832:INFO:crash_reporting.cc(219)] Crash reporting enabled for process: renderer
[1015/202538.739:INFO:crash_reporting.cc(219)] Crash reporting enabled for process: gpu-process
[1015/202548.483:INFO:crash_reporting.cc(219)] Crash reporting enabled for process: renderer
[1015/202548.976:INFO:crash_reporting.cc(219)] Crash reporting enabled for process: renderer
[1015/202549.188:INFO:CONSOLE(719)] "A parser-blocking, cross site (i.e. different eTLD+1) script, https://ss1.bdstatic.com/5eN1bjq8AAUYm2zgoY3K/r/www/cache/static/protocol/https/global/js/all_async_search_b8e0c61.js, is invoked via document.write. The network request for this script MAY be blocked by the browser in this or a future page load due to poor network connectivity. If blocked in this page load, it will be confirmed in a subsequent console message. See https://www.chromestatus.com/feature/5718547946799104 for more details.", source: https://www.baidu.com/ (719)
[1015/202549.188:INFO:CONSOLE(719)] "A parser-blocking, cross site (i.e. different eTLD+1) script, https://ss1.bdstatic.com/5eN1bjq8AAUYm2zgoY3K/r/www/cache/static/protocol/https/global/js/all_async_search_b8e0c61.js, is invoked via document.write. The network request for this script MAY be blocked by the browser in this or a future page load due to poor network connectivity. If blocked in this page load, it will be confirmed in a subsequent console message. See https://www.chromestatus.com/feature/5718547946799104 for more details.", source: https://www.baidu.com/ (719)
[1015/202549.207:INFO:CONSOLE(4)] "Uncaught ReferenceError: c is not defined", source: https://ss1.bdstatic.com/5eN1bjq8AAUYm2zgoY3K/r/www/cache/static/protocol/https/plugins/every_cookie_4644b13.js (4)
[1015/202549.226:INFO:CONSOLE(181)] "你在电脑前看这段文字，
写文字的人在百度等你。
N年前你来到了这个世界，
N年后你想改变世界。

期待你脚踏祥云，
与百度一起改变世界。
", source: https://ss1.bdstatic.com/5eN1bjq8AAUYm2zgoY3K/r/www/cache/static/protocol/https/global/js/all_async_search_b8e0c61.js (181)
[1015/202549.226:INFO:CONSOLE(181)] "%c百度2020校园招聘简历提交：http://dwz.cn/XpoFdepe", source: https://ss1.bdstatic.com/5eN1bjq8AAUYm2zgoY3K/r/www/cache/static/protocol/https/global/js/all_async_search_b8e0c61.js (181)
[1015/202554.337:INFO:CONSOLE(2)] "A parser-blocking, cross site (i.e. different eTLD+1) script, https://www.9553.com/statics/down/baizhudown.js, is invoked via document.write. The network request for this script MAY be blocked by the browser in this or a future page load due to poor network connectivity. If blocked in this page load, it will be confirmed in a subsequent console message. See https://www.chromestatus.com/feature/5718547946799104 for more details.", source: https://www.99danji.com/statics/js/mobile.js (2)
[1015/202554.337:INFO:CONSOLE(2)] "A parser-blocking, cross site (i.e. different eTLD+1) script, https://www.9553.com/statics/down/baizhudown.js, is invoked via document.write. The network request for this script MAY be blocked by the browser in this or a future page load due to poor network connectivity. If blocked in this page load, it will be confirmed in a subsequent console message. See https://www.chromestatus.com/feature/5718547946799104 for more details.", source: https://www.99danji.com/statics/js/mobile.js (2)
[1015/202554.338:INFO:CONSOLE(3)] "A parser-blocking, cross site (i.e. different eTLD+1) script, https://www.9553.com/kchtml/push.js, is invoked via document.write. The network request for this script MAY be blocked by the browser in this or a future page load due to poor network connectivity. If blocked in this page load, it will be confirmed in a subsequent console message. See https://www.chromestatus.com/feature/5718547946799104 for more details.", source: https://www.99danji.com/statics/js/mobile.js (3)
[1015/202555.144:INFO:CONSOLE(3)] "A parser-blocking, cross site (i.e. different eTLD+1) script, https://jspassport.ssl.qhimg.com/11.0.1.js?d182b3f28525f2db83acfaaf6e696dba, is invoked via document.write. The network request for this script MAY be blocked by the browser in this or a future page load due to poor network connectivity. If blocked in this page load, it will be confirmed in a subsequent console message. See https://www.chromestatus.com/feature/5718547946799104 for more details.", source: https://www.9553.com/kchtml/push.js (3)
[1015/202555.144:INFO:CONSOLE(3)] "A parser-blocking, cross site (i.e. different eTLD+1) script, https://jspassport.ssl.qhimg.com/11.0.1.js?d182b3f28525f2db83acfaaf6e696dba, is invoked via document.write. The network request for this script MAY be blocked by the browser in this or a future page load due to poor network connectivity. If blocked in this page load, it will be confirmed in a subsequent console message. See https://www.chromestatus.com/feature/5718547946799104 for more details.", source: https://www.9553.com/kchtml/push.js (3)
[1015/202555.478:INFO:CONSOLE(1)] "A parser-blocking, cross site (i.e. different eTLD+1) script, https://s.ssl.qhres.com/ssl/ab77b6ea7f3fbf79.js, is invoked via document.write. The network request for this script MAY be blocked by the browser in this or a future page load due to poor network connectivity. If blocked in this page load, it will be confirmed in a subsequent console message. See https://www.chromestatus.com/feature/5718547946799104 for more details.", source: https://jspassport.ssl.qhimg.com/11.0.1.js?d182b3f28525f2db83acfaaf6e696dba (1)
[1015/202555.479:INFO:CONSOLE(1)] "A parser-blocking, cross site (i.e. different eTLD+1) script, https://s.ssl.qhres.com/ssl/ab77b6ea7f3fbf79.js, is invoked via document.write. The network request for this script MAY be blocked by the browser in this or a future page load due to poor network connectivity. If blocked in this page load, it will be confirmed in a subsequent console message. See https://www.chromestatus.com/feature/5718547946799104 for more details.", source: https://jspassport.ssl.qhimg.com/11.0.1.js?d182b3f28525f2db83acfaaf6e696dba (1)
[1015/202556.230:INFO:CONSOLE(17)] "A parser-blocking, cross site (i.e. different eTLD+1) script, https://c.cnzz.com/core.php?web_id=1277945483&t=z, is invoked via document.write. The network request for this script MAY be blocked by the browser in this or a future page load due to poor network connectivity. If blocked in this page load, it will be confirmed in a subsequent console message. See https://www.chromestatus.com/feature/5718547946799104 for more details.", source: https://s9.cnzz.com/z_stat.php?id=1277945483&web_id=1277945483 (17)
[1015/202556.231:INFO:CONSOLE(17)] "A parser-blocking, cross site (i.e. different eTLD+1) script, https://c.cnzz.com/core.php?web_id=1277945483&t=z, is invoked via document.write. The network request for this script MAY be blocked by the browser in this or a future page load due to poor network connectivity. If blocked in this page load, it will be confirmed in a subsequent console message. See https://www.chromestatus.com/feature/5718547946799104 for more details.", source: https://s9.cnzz.com/z_stat.php?id=1277945483&web_id=1277945483 (17)
[1015/202738.959:INFO:crash_reporting.cc(219)] Crash reporting enabled for process: browser
[1015/202739.515:INFO:crash_reporting.cc(219)] Crash reporting enabled for process: utility
[1015/202740.024:INFO:crash_reporting.cc(219)] Crash reporting enabled for process: renderer
[1015/202740.047:INFO:crash_reporting.cc(219)] Crash reporting enabled for process: gpu-process
[1015/202745.757:INFO:crash_reporting.cc(219)] Crash reporting enabled for process: renderer
[1015/202745.865:INFO:crash_reporting.cc(219)] Crash reporting enabled for process: renderer
[1015/202746.010:INFO:CONSOLE(719)] "A parser-blocking, cross site (i.e. different eTLD+1) script, https://ss1.bdstatic.com/5eN1bjq8AAUYm2zgoY3K/r/www/cache/static/protocol/https/global/js/all_async_search_b8e0c61.js, is invoked via document.write. The network request for this script MAY be blocked by the browser in this or a future page load due to poor network connectivity. If blocked in this page load, it will be confirmed in a subsequent console message. See https://www.chromestatus.com/feature/5718547946799104 for more details.", source: https://www.baidu.com/ (719)
[1015/202746.010:INFO:CONSOLE(719)] "A parser-blocking, cross site (i.e. different eTLD+1) script, https://ss1.bdstatic.com/5eN1bjq8AAUYm2zgoY3K/r/www/cache/static/protocol/https/global/js/all_async_search_b8e0c61.js, is invoked via document.write. The network request for this script MAY be blocked by the browser in this or a future page load due to poor network connectivity. If blocked in this page load, it will be confirmed in a subsequent console message. See https://www.chromestatus.com/feature/5718547946799104 for more details.", source: https://www.baidu.com/ (719)
[1015/202746.035:INFO:CONSOLE(4)] "Uncaught ReferenceError: c is not defined", source: https://ss1.bdstatic.com/5eN1bjq8AAUYm2zgoY3K/r/www/cache/static/protocol/https/plugins/every_cookie_4644b13.js (4)
[1015/202746.059:INFO:CONSOLE(181)] "你在电脑前看这段文字，
写文字的人在百度等你。
N年前你来到了这个世界，
N年后你想改变世界。

期待你脚踏祥云，
与百度一起改变世界。
", source: https://ss1.bdstatic.com/5eN1bjq8AAUYm2zgoY3K/r/www/cache/static/protocol/https/global/js/all_async_search_b8e0c61.js (181)
[1015/202746.060:INFO:CONSOLE(181)] "%c百度2020校园招聘简历提交：http://dwz.cn/XpoFdepe", source: https://ss1.bdstatic.com/5eN1bjq8AAUYm2zgoY3K/r/www/cache/static/protocol/https/global/js/all_async_search_b8e0c61.js (181)
[1015/202754.238:INFO:crash_reporting.cc(219)] Crash reporting enabled for process: gpu-process
[1015/202802.942:INFO:CONSOLE(719)] "A parser-blocking, cross site (i.e. different eTLD+1) script, https://ss1.bdstatic.com/5eN1bjq8AAUYm2zgoY3K/r/www/cache/static/protocol/https/global/js/all_async_search_b8e0c61.js, is invoked via document.write. The network request for this script MAY be blocked by the browser in this or a future page load due to poor network connectivity. If blocked in this page load, it will be confirmed in a subsequent console message. See https://www.chromestatus.com/feature/5718547946799104 for more details.", source: https://www.baidu.com/ (719)
[1015/202802.942:INFO:CONSOLE(719)] "A parser-blocking, cross site (i.e. different eTLD+1) script, https://ss1.bdstatic.com/5eN1bjq8AAUYm2zgoY3K/r/www/cache/static/protocol/https/global/js/all_async_search_b8e0c61.js, is invoked via document.write. The network request for this script MAY be blocked by the browser in this or a future page load due to poor network connectivity. If blocked in this page load, it will be confirmed in a subsequent console message. See https://www.chromestatus.com/feature/5718547946799104 for more details.", source: https://www.baidu.com/ (719)
[1015/202802.945:INFO:CONSOLE(181)] "你在电脑前看这段文字，
写文字的人在百度等你。
N年前你来到了这个世界，
N年后你想改变世界。

期待你脚踏祥云，
与百度一起改变世界。
", source: https://ss1.bdstatic.com/5eN1bjq8AAUYm2zgoY3K/r/www/cache/static/protocol/https/global/js/all_async_search_b8e0c61.js (181)
[1015/202802.946:INFO:CONSOLE(181)] "%c百度2020校园招聘简历提交：http://dwz.cn/XpoFdepe", source: https://ss1.bdstatic.com/5eN1bjq8AAUYm2zgoY3K/r/www/cache/static/protocol/https/global/js/all_async_search_b8e0c61.js (181)
[1015/202808.360:INFO:crash_reporting.cc(219)] Crash reporting enabled for process: browser
[1015/202808.940:INFO:crash_reporting.cc(219)] Crash reporting enabled for process: utility
[1015/202809.375:INFO:crash_reporting.cc(219)] Crash reporting enabled for process: renderer
[1015/202809.407:INFO:crash_reporting.cc(219)] Crash reporting enabled for process: gpu-process
[1015/202828.474:INFO:crash_reporting.cc(219)] Crash reporting enabled for process: browser
[1015/202829.031:INFO:crash_reporting.cc(219)] Crash reporting enabled for process: utility
[1015/202833.699:INFO:crash_reporting.cc(219)] Crash reporting enabled for process: renderer
[1015/202833.716:INFO:crash_reporting.cc(219)] Crash reporting enabled for process: gpu-process
[1015/202833.748:INFO:crash_reporting.cc(219)] Crash reporting enabled for process: renderer
[1015/202839.798:INFO:crash_reporting.cc(219)] Crash reporting enabled for process: renderer
[1015/202843.183:INFO:crash_reporting.cc(219)] Crash reporting enabled for process: renderer
[1015/202843.862:INFO:crash_reporting.cc(219)] Crash reporting enabled for process: gpu-process
[1015/202850.095:INFO:crash_reporting.cc(219)] Crash reporting enabled for process: renderer
[1015/202850.192:INFO:crash_reporting.cc(219)] Crash reporting enabled for process: renderer
[1015/202850.342:INFO:CONSOLE(719)] "A parser-blocking, cross site (i.e. different eTLD+1) script, https://ss1.bdstatic.com/5eN1bjq8AAUYm2zgoY3K/r/www/cache/static/protocol/https/global/js/all_async_search_b8e0c61.js, is invoked via document.write. The network request for this script MAY be blocked by the browser in this or a future page load due to poor network connectivity. If blocked in this page load, it will be confirmed in a subsequent console message. See https://www.chromestatus.com/feature/5718547946799104 for more details.", source: https://www.baidu.com/ (719)
[1015/202850.343:INFO:CONSOLE(719)] "A parser-blocking, cross site (i.e. different eTLD+1) script, https://ss1.bdstatic.com/5eN1bjq8AAUYm2zgoY3K/r/www/cache/static/protocol/https/global/js/all_async_search_b8e0c61.js, is invoked via document.write. The network request for this script MAY be blocked by the browser in this or a future page load due to poor network connectivity. If blocked in this page load, it will be confirmed in a subsequent console message. See https://www.chromestatus.com/feature/5718547946799104 for more details.", source: https://www.baidu.com/ (719)
[1015/202850.360:INFO:CONSOLE(4)] "Uncaught ReferenceError: c is not defined", source: https://ss1.bdstatic.com/5eN1bjq8AAUYm2zgoY3K/r/www/cache/static/protocol/https/plugins/every_cookie_4644b13.js (4)
[1015/202850.372:INFO:CONSOLE(181)] "你在电脑前看这段文字，
写文字的人在百度等你。
N年前你来到了这个世界，
N年后你想改变世界。

期待你脚踏祥云，
与百度一起改变世界。
", source: https://ss1.bdstatic.com/5eN1bjq8AAUYm2zgoY3K/r/www/cache/static/protocol/https/global/js/all_async_search_b8e0c61.js (181)
[1015/202850.372:INFO:CONSOLE(181)] "%c百度2020校园招聘简历提交：http://dwz.cn/XpoFdepe", source: https://ss1.bdstatic.com/5eN1bjq8AAUYm2zgoY3K/r/www/cache/static/protocol/https/global/js/all_async_search_b8e0c61.js (181)
[1015/202856.902:WARNING:render_delay_buffer.cc(341)] Applying total delay of 5 blocks.
[1015/202856.915:ERROR:data_channel.cc(44)] Accepting maxRetransmits = -1 for backwards compatibility
[1015/202856.915:ERROR:data_channel.cc(49)] Accepting maxRetransmitTime = -1 for backwards compatibility
[1015/202856.919:WARNING:media_session.cc(335)] Duplicate id found. Reassigning from 104 to 127
[1015/202856.919:WARNING:media_session.cc(335)] Duplicate id found. Reassigning from 106 to 125
[1015/202856.919:WARNING:media_session.cc(335)] Duplicate id found. Reassigning from 110 to 124
[1015/202856.919:WARNING:media_session.cc(335)] Duplicate id found. Reassigning from 112 to 123
[1015/202856.919:WARNING:media_session.cc(335)] Duplicate id found. Reassigning from 103 to 122
[1015/202856.919:WARNING:media_session.cc(335)] Duplicate id found. Reassigning from 105 to 121
[1015/202856.919:WARNING:media_session.cc(335)] Duplicate id found. Reassigning from 111 to 120
[1015/202856.919:WARNING:media_session.cc(335)] Duplicate id found. Reassigning from 109 to 119
[1015/202856.919:WARNING:media_session.cc(335)] Duplicate id found. Reassigning from 1 to 14
[1015/202856.919:WARNING:media_session.cc(335)] Duplicate id found. Reassigning from 2 to 13
[1015/202856.919:WARNING:media_session.cc(335)] Duplicate id found. Reassigning from 3 to 12
[1015/202856.919:WARNING:media_session.cc(335)] Duplicate id found. Reassigning from 5 to 11
[1015/202856.922:WARNING:media_session.cc(335)] Duplicate id found. Reassigning from 104 to 127
[1015/202856.922:WARNING:media_session.cc(335)] Duplicate id found. Reassigning from 106 to 125
[1015/202856.922:WARNING:media_session.cc(335)] Duplicate id found. Reassigning from 110 to 124
[1015/202856.922:WARNING:media_session.cc(335)] Duplicate id found. Reassigning from 112 to 123
[1015/202856.922:WARNING:media_session.cc(335)] Duplicate id found. Reassigning from 103 to 122
[1015/202856.922:WARNING:media_session.cc(335)] Duplicate id found. Reassigning from 105 to 121
[1015/202856.922:WARNING:media_session.cc(335)] Duplicate id found. Reassigning from 111 to 120
[1015/202856.922:WARNING:media_session.cc(335)] Duplicate id found. Reassigning from 109 to 119
[1015/202856.922:WARNING:media_session.cc(335)] Duplicate id found. Reassigning from 1 to 14
[1015/202856.922:WARNING:media_session.cc(335)] Duplicate id found. Reassigning from 2 to 13
[1015/202856.922:WARNING:media_session.cc(335)] Duplicate id found. Reassigning from 3 to 12
[1015/202856.922:WARNING:media_session.cc(335)] Duplicate id found. Reassigning from 5 to 11
[1015/202856.938:ERROR:webrtc_sdp.cc(412)] Failed to parse: "a=msid: ". Reason: Missing track ID in msid attribute.
[1015/202856.939:ERROR:webrtc_sdp.cc(412)] Failed to parse: "a=msid: ". Reason: Missing track ID in msid attribute.
[1015/202856.939:ERROR:webrtc_sdp.cc(412)] Failed to parse: "a=msid: ". Reason: Missing track ID in msid attribute.
[1015/202856.939:ERROR:webrtc_sdp.cc(412)] Failed to parse: "a=msid: ". Reason: Missing track ID in msid attribute.
[1015/202856.939:ERROR:rtc_peer_connection_handler.cc(2296)] Failed to create native session description. Type: offer SDP: v=0
o=- 4508106867445279765 2 IN IP4 127.0.0.1
s=-
t=0 0
a=group:BUNDLE 0
a=msid-semantic: WMS
m=application 9 UDP/TLS/RTP/SAVPF 119
c=IN IP4 0.0.0.0
b=AS:30
a=rtcp:9 IN IP4 0.0.0.0
a=ice-ufrag:y0Do
a=ice-pwd:3U0QvUyEMMdxJx/p1i21aesL
a=ice-options:trickle
a=fingerprint:sha-256 63:6A:8A:1D:46:13:96:C3:CC:F5:3D:C9:D6:75:21:5F:79:A6:7A:C4:EF:98:6D:ED:06:13:B8:56:52:46:E4:23
a=setup:actpass
a=mid:0
a=sendrecv
a=msid: 
a=rtcp-mux
a=rtpmap:119 google-data/90000
a=ssrc:695990551 cname:Skpul6lTAagd6qj+
a=ssrc:695990551 msid:- 
a=ssrc:695990551 mslabel:-
a=ssrc:695990551 label:

[1015/202856.939:ERROR:rtc_peer_connection_handler.cc(1215)] Failed to parse SessionDescription. a=msid:  Missing track ID in msid attribute.
[1015/202856.940:ERROR:webrtc_sdp.cc(412)] Failed to parse: "a=msid: ". Reason: Missing track ID in msid attribute.
[1015/202856.940:ERROR:webrtc_sdp.cc(412)] Failed to parse: "a=msid: ". Reason: Missing track ID in msid attribute.
[1015/202856.940:ERROR:webrtc_sdp.cc(412)] Failed to parse: "a=msid: ". Reason: Missing track ID in msid attribute.
[1015/202856.940:ERROR:webrtc_sdp.cc(412)] Failed to parse: "a=msid: ". Reason: Missing track ID in msid attribute.
[1015/202856.940:ERROR:rtc_peer_connection_handler.cc(2296)] Failed to create native session description. Type: offer SDP: v=0
o=- 4508106867445279765 3 IN IP4 127.0.0.1
s=-
t=0 0
a=group:BUNDLE 1
a=msid-semantic: WMS
m=application 9 UDP/TLS/RTP/SAVPF 119
c=IN IP4 0.0.0.0
b=AS:30
a=rtcp:9 IN IP4 0.0.0.0
a=ice-ufrag:JPaR
a=ice-pwd:cG9PLnMi3fR391ba4vTB4cEq
a=ice-options:trickle
a=fingerprint:sha-256 63:6A:8A:1D:46:13:96:C3:CC:F5:3D:C9:D6:75:21:5F:79:A6:7A:C4:EF:98:6D:ED:06:13:B8:56:52:46:E4:23
a=setup:actpass
a=mid:1
a=sendrecv
a=msid: 
a=rtcp-mux
a=rtpmap:119 google-data/90000
a=ssrc:4229800448 cname:Skpul6lTAagd6qj+
a=ssrc:4229800448 msid:- 
a=ssrc:4229800448 mslabel:-
a=ssrc:4229800448 label:

[1015/202856.940:ERROR:rtc_peer_connection_handler.cc(1215)] Failed to parse SessionDescription. a=msid:  Missing track ID in msid attribute.
[1015/203408.900:INFO:CONSOLE(0)] "Mixed Content: The page at 'https://haokan.baidu.com/v?pd=wisenatural&vid=4737724291412297058' was loaded over HTTPS, but requested an insecure video 'http://vd4.bdstatic.com/mda-jgmk1mr4zai0inar/sc/mda-jgmk1mr4zai0inar.mp4'. This content should also be served over HTTPS.", source: https://haokan.baidu.com/v?pd=wisenatural&vid=4737724291412297058 (0)
[1015/203410.254:INFO:CONSOLE(1)] "WebGL: INVALID_OPERATION: useProgram: program not valid", source: https://wappass.baidu.com/static/touch/js/lib/fingerprint.js (1)
[1015/203410.255:INFO:CONSOLE(1)] "WebGL: INVALID_OPERATION: getAttribLocation: program not linked", source: https://wappass.baidu.com/static/touch/js/lib/fingerprint.js (1)
[1015/203410.255:INFO:CONSOLE(1)] "WebGL: INVALID_OPERATION: getUniformLocation: program not linked", source: https://wappass.baidu.com/static/touch/js/lib/fingerprint.js (1)
[1015/203410.255:INFO:CONSOLE(1)] "WebGL: INVALID_OPERATION: drawArrays: no valid shader program in use", source: https://wappass.baidu.com/static/touch/js/lib/fingerprint.js (1)
[1015/203438.467:INFO:CONSOLE(0)] "Mixed Content: The page at 'https://haokan.baidu.com/v?vid=11248064966841624995' was loaded over HTTPS, but requested an insecure video 'http://vd4.bdstatic.com/mda-jh8qnz1etd6wnap3/sc/mda-jh8qnz1etd6wnap3.mp4'. This content should also be served over HTTPS.", source: https://haokan.baidu.com/v?vid=11248064966841624995 (0)
[1015/203439.337:INFO:CONSOLE(1)] "WebGL: INVALID_OPERATION: useProgram: program not valid", source: https://wappass.baidu.com/static/touch/js/lib/fingerprint.js (1)
[1015/203439.338:INFO:CONSOLE(1)] "WebGL: INVALID_OPERATION: getAttribLocation: program not linked", source: https://wappass.baidu.com/static/touch/js/lib/fingerprint.js (1)
[1015/203439.338:INFO:CONSOLE(1)] "WebGL: INVALID_OPERATION: getUniformLocation: program not linked", source: https://wappass.baidu.com/static/touch/js/lib/fingerprint.js (1)
[1015/203439.338:INFO:CONSOLE(1)] "WebGL: INVALID_OPERATION: drawArrays: no valid shader program in use", source: https://wappass.baidu.com/static/touch/js/lib/fingerprint.js (1)
[1015/203452.183:INFO:CONSOLE(0)] "Mixed Content: The page at 'https://haokan.baidu.com/v?pd=wisenatural&vid=4737724291412297058' was loaded over HTTPS, but requested an insecure video 'http://vd4.bdstatic.com/mda-jgmk1mr4zai0inar/sc/mda-jgmk1mr4zai0inar.mp4'. This content should also be served over HTTPS.", source: https://haokan.baidu.com/v?pd=wisenatural&vid=4737724291412297058 (0)
[1015/203452.894:INFO:CONSOLE(1)] "WebGL: INVALID_OPERATION: useProgram: program not valid", source: https://wappass.baidu.com/static/touch/js/lib/fingerprint.js (1)
[1015/203452.895:INFO:CONSOLE(1)] "WebGL: INVALID_OPERATION: getAttribLocation: program not linked", source: https://wappass.baidu.com/static/touch/js/lib/fingerprint.js (1)
[1015/203452.895:INFO:CONSOLE(1)] "WebGL: INVALID_OPERATION: getUniformLocation: program not linked", source: https://wappass.baidu.com/static/touch/js/lib/fingerprint.js (1)
[1015/203452.895:INFO:CONSOLE(1)] "WebGL: INVALID_OPERATION: drawArrays: no valid shader program in use", source: https://wappass.baidu.com/static/touch/js/lib/fingerprint.js (1)
[1015/203521.564:INFO:CONSOLE(0)] "Mixed Content: The page at 'https://haokan.baidu.com/v?vid=11248064966841624995' was loaded over HTTPS, but requested an insecure video 'http://vd4.bdstatic.com/mda-jh8qnz1etd6wnap3/sc/mda-jh8qnz1etd6wnap3.mp4'. This content should also be served over HTTPS.", source: https://haokan.baidu.com/v?vid=11248064966841624995 (0)
[1015/203522.632:INFO:CONSOLE(1)] "WebGL: INVALID_OPERATION: useProgram: program not valid", source: https://wappass.baidu.com/static/touch/js/lib/fingerprint.js (1)
[1015/203522.633:INFO:CONSOLE(1)] "WebGL: INVALID_OPERATION: getAttribLocation: program not linked", source: https://wappass.baidu.com/static/touch/js/lib/fingerprint.js (1)
[1015/203522.633:INFO:CONSOLE(1)] "WebGL: INVALID_OPERATION: getUniformLocation: program not linked", source: https://wappass.baidu.com/static/touch/js/lib/fingerprint.js (1)
[1015/203522.633:INFO:CONSOLE(1)] "WebGL: INVALID_OPERATION: drawArrays: no valid shader program in use", source: https://wappass.baidu.com/static/touch/js/lib/fingerprint.js (1)
[1015/203544.693:INFO:CONSOLE(527)] "Powered by AMP ⚡ HTML – Version 1909241711100", source: https://cdn.ampproject.org/rtv/011909241711100/amp4ads-v0.js (527)
[1015/203544.724:INFO:CONSOLE(527)] "Powered by AMP ⚡ HTML – Version 1909241711100", source: https://cdn.ampproject.org/rtv/011909241711100/amp4ads-v0.js (527)
[1015/203658.401:INFO:CONSOLE(1)] "Uncaught ReferenceError: buildAdSlot is not defined", source: https://googleads.g.doubleclick.net/pagead/ads?client=ca-pub-1076724771190722&output=html&h=250&slotname=7700527946&adk=3032243008&adf=3812820695&w=300&lmt=1571142996&guci=2.2.0.0.2.2.0.0&format=300x250&url=https%3A%2F%2Fblog.csdn.net%2Fweixin_41869941%2Farticle%2Fdetails%2F82986974&flash=0&avail_w=300&wgl=1&adsid=NT&dt=1571142996029&bpp=15&bdt=1654&fdt=697&idt=697&shv=r20191010&cbv=r20190131&saldr=aa&abxe=1&correlator=2792331077381&frm=20&pv=2&ga_vid=920279127.1571142997&ga_sid=1571142997&ga_hid=2024369943&ga_fc=0&iag=0&icsg=171798691840&dssz=64&mdo=0&mso=8&u_tz=480&u_his=1&u_java=0&u_h=1080&u_w=1920&u_ah=1040&u_aw=1920&u_cd=24&u_nplug=2&u_nmime=2&adx=78&ady=334&biw=1407&bih=720&scr_x=0&scr_y=0&eid=20199335%2C368226300%2C368226305%2C368226310%2C26835105%2C20040011&oid=3&pvsid=3154943512253443&pem=650&ref=https%3A%2F%2Fblog.csdn.net%2Fweixin_41869941%2Farticle%2Fdetails%2F82986974&rx=0&eae=0&fc=640&brdim=299%2C184%2C299%2C184%2C1920%2C0%2C1424%2C720%2C1424%2C720&vis=1&rsz=%7C%7CpeE%7C&abl=CS&pfx=0&fu=24&bc=31&ifi=1&uci=a!1&fsb=1&xpc=Ar0uqF4IdY&p=https%3A//blog.csdn.net&dtd=723 (1)
[1015/203658.402:INFO:CONSOLE(1)] "Uncaught TypeError: _.y is not a function", source: https://googleads.g.doubleclick.net/pagead/ads?client=ca-pub-1076724771190722&output=html&h=250&slotname=7700527946&adk=3032243008&adf=3812820695&w=300&lmt=1571142996&guci=2.2.0.0.2.2.0.0&format=300x250&url=https%3A%2F%2Fblog.csdn.net%2Fweixin_41869941%2Farticle%2Fdetails%2F82986974&flash=0&avail_w=300&wgl=1&adsid=NT&dt=1571142996029&bpp=15&bdt=1654&fdt=697&idt=697&shv=r20191010&cbv=r20190131&saldr=aa&abxe=1&correlator=2792331077381&frm=20&pv=2&ga_vid=920279127.1571142997&ga_sid=1571142997&ga_hid=2024369943&ga_fc=0&iag=0&icsg=171798691840&dssz=64&mdo=0&mso=8&u_tz=480&u_his=1&u_java=0&u_h=1080&u_w=1920&u_ah=1040&u_aw=1920&u_cd=24&u_nplug=2&u_nmime=2&adx=78&ady=334&biw=1407&bih=720&scr_x=0&scr_y=0&eid=20199335%2C368226300%2C368226305%2C368226310%2C26835105%2C20040011&oid=3&pvsid=3154943512253443&pem=650&ref=https%3A%2F%2Fblog.csdn.net%2Fweixin_41869941%2Farticle%2Fdetails%2F82986974&rx=0&eae=0&fc=640&brdim=299%2C184%2C299%2C184%2C1920%2C0%2C1424%2C720%2C1424%2C720&vis=1&rsz=%7C%7CpeE%7C&abl=CS&pfx=0&fu=24&bc=31&ifi=1&uci=a!1&fsb=1&xpc=Ar0uqF4IdY&p=https%3A//blog.csdn.net&dtd=723 (1)
[1015/203658.402:INFO:CONSOLE(1)] "Uncaught ReferenceError: init_icr is not defined", source: https://googleads.g.doubleclick.net/pagead/ads?client=ca-pub-1076724771190722&output=html&h=250&slotname=7700527946&adk=3032243008&adf=3812820695&w=300&lmt=1571142996&guci=2.2.0.0.2.2.0.0&format=300x250&url=https%3A%2F%2Fblog.csdn.net%2Fweixin_41869941%2Farticle%2Fdetails%2F82986974&flash=0&avail_w=300&wgl=1&adsid=NT&dt=1571142996029&bpp=15&bdt=1654&fdt=697&idt=697&shv=r20191010&cbv=r20190131&saldr=aa&abxe=1&correlator=2792331077381&frm=20&pv=2&ga_vid=920279127.1571142997&ga_sid=1571142997&ga_hid=2024369943&ga_fc=0&iag=0&icsg=171798691840&dssz=64&mdo=0&mso=8&u_tz=480&u_his=1&u_java=0&u_h=1080&u_w=1920&u_ah=1040&u_aw=1920&u_cd=24&u_nplug=2&u_nmime=2&adx=78&ady=334&biw=1407&bih=720&scr_x=0&scr_y=0&eid=20199335%2C368226300%2C368226305%2C368226310%2C26835105%2C20040011&oid=3&pvsid=3154943512253443&pem=650&ref=https%3A%2F%2Fblog.csdn.net%2Fweixin_41869941%2Farticle%2Fdetails%2F82986974&rx=0&eae=0&fc=640&brdim=299%2C184%2C299%2C184%2C1920%2C0%2C1424%2C720%2C1424%2C720&vis=1&rsz=%7C%7CpeE%7C&abl=CS&pfx=0&fu=24&bc=31&ifi=1&uci=a!1&fsb=1&xpc=Ar0uqF4IdY&p=https%3A//blog.csdn.net&dtd=723 (1)
[1015/203658.402:INFO:CONSOLE(1)] "Uncaught TypeError: _.q is not a function", source: https://googleads.g.doubleclick.net/pagead/ads?client=ca-pub-1076724771190722&output=html&h=250&slotname=7700527946&adk=3032243008&adf=3812820695&w=300&lmt=1571142996&guci=2.2.0.0.2.2.0.0&format=300x250&url=https%3A%2F%2Fblog.csdn.net%2Fweixin_41869941%2Farticle%2Fdetails%2F82986974&flash=0&avail_w=300&wgl=1&adsid=NT&dt=1571142996029&bpp=15&bdt=1654&fdt=697&idt=697&shv=r20191010&cbv=r20190131&saldr=aa&abxe=1&correlator=2792331077381&frm=20&pv=2&ga_vid=920279127.1571142997&ga_sid=1571142997&ga_hid=2024369943&ga_fc=0&iag=0&icsg=171798691840&dssz=64&mdo=0&mso=8&u_tz=480&u_his=1&u_java=0&u_h=1080&u_w=1920&u_ah=1040&u_aw=1920&u_cd=24&u_nplug=2&u_nmime=2&adx=78&ady=334&biw=1407&bih=720&scr_x=0&scr_y=0&eid=20199335%2C368226300%2C368226305%2C368226310%2C26835105%2C20040011&oid=3&pvsid=3154943512253443&pem=650&ref=https%3A%2F%2Fblog.csdn.net%2Fweixin_41869941%2Farticle%2Fdetails%2F82986974&rx=0&eae=0&fc=640&brdim=299%2C184%2C299%2C184%2C1920%2C0%2C1424%2C720%2C1424%2C720&vis=1&rsz=%7C%7CpeE%7C&abl=CS&pfx=0&fu=24&bc=31&ifi=1&uci=a!1&fsb=1&xpc=Ar0uqF4IdY&p=https%3A//blog.csdn.net&dtd=723 (1)
[1015/203658.406:INFO:CONSOLE(17)] "Uncaught ReferenceError: buildAttribution is not defined", source: https://googleads.g.doubleclick.net/pagead/ads?client=ca-pub-1076724771190722&output=html&h=250&slotname=1894159733&adk=4137412083&adf=2584928859&w=300&lmt=1571142996&guci=2.2.0.0.2.2.0.0&format=300x250&url=https%3A%2F%2Fblog.csdn.net%2Fweixin_41869941%2Farticle%2Fdetails%2F82986974&flash=0&avail_w=300&wgl=1&adsid=NT&dt=1571142996045&bpp=13&bdt=1670&fdt=797&idt=798&shv=r20191010&cbv=r20190131&saldr=aa&abxe=1&prev_fmts=300x250&correlator=2792331077381&frm=20&pv=1&ga_vid=920279127.1571142997&ga_sid=1571142997&ga_hid=2024369943&ga_fc=0&iag=0&icsg=687194767360&dssz=68&mdo=0&mso=8&u_tz=480&u_his=1&u_java=0&u_h=1080&u_w=1920&u_ah=1040&u_aw=1920&u_cd=24&u_nplug=2&u_nmime=2&adx=78&ady=1432&biw=1407&bih=720&scr_x=0&scr_y=0&eid=20199335%2C368226300%2C368226305%2C368226310%2C26835105%2C20040011&oid=3&pvsid=3154943512253443&pem=650&ref=https%3A%2F%2Fblog.csdn.net%2Fweixin_41869941%2Farticle%2Fdetails%2F82986974&rx=0&eae=0&fc=640&brdim=299%2C184%2C299%2C184%2C1920%2C0%2C1424%2C720%2C1424%2C720&vis=1&rsz=%7C%7CpeEbr%7C&abl=CS&pfx=0&fu=24&bc=31&ifi=2&uci=a!2&fsb=1&xpc=o2IpifjulH&p=https%3A//blog.csdn.net&dtd=805 (17)
[1015/203658.412:INFO:CONSOLE(1)] "Uncaught ReferenceError: buildTextAd is not defined", source: https://googleads.g.doubleclick.net/pagead/ads?client=ca-pub-1076724771190722&output=html&h=250&slotname=7700527946&adk=3032243008&adf=3812820695&w=300&lmt=1571142996&guci=2.2.0.0.2.2.0.0&format=300x250&url=https%3A%2F%2Fblog.csdn.net%2Fweixin_41869941%2Farticle%2Fdetails%2F82986974&flash=0&avail_w=300&wgl=1&adsid=NT&dt=1571142996029&bpp=15&bdt=1654&fdt=697&idt=697&shv=r20191010&cbv=r20190131&saldr=aa&abxe=1&correlator=2792331077381&frm=20&pv=2&ga_vid=920279127.1571142997&ga_sid=1571142997&ga_hid=2024369943&ga_fc=0&iag=0&icsg=171798691840&dssz=64&mdo=0&mso=8&u_tz=480&u_his=1&u_java=0&u_h=1080&u_w=1920&u_ah=1040&u_aw=1920&u_cd=24&u_nplug=2&u_nmime=2&adx=78&ady=334&biw=1407&bih=720&scr_x=0&scr_y=0&eid=20199335%2C368226300%2C368226305%2C368226310%2C26835105%2C20040011&oid=3&pvsid=3154943512253443&pem=650&ref=https%3A%2F%2Fblog.csdn.net%2Fweixin_41869941%2Farticle%2Fdetails%2F82986974&rx=0&eae=0&fc=640&brdim=299%2C184%2C299%2C184%2C1920%2C0%2C1424%2C720%2C1424%2C720&vis=1&rsz=%7C%7CpeE%7C&abl=CS&pfx=0&fu=24&bc=31&ifi=1&uci=a!1&fsb=1&xpc=Ar0uqF4IdY&p=https%3A//blog.csdn.net&dtd=723 (1)
[1015/203658.492:INFO:CONSOLE(1)] "Uncaught ReferenceError: buildAttribution is not defined", source: https://googleads.g.doubleclick.net/pagead/ads?client=ca-pub-1076724771190722&output=html&h=250&slotname=7700527946&adk=3032243008&adf=3812820695&w=300&lmt=1571142996&guci=2.2.0.0.2.2.0.0&format=300x250&url=https%3A%2F%2Fblog.csdn.net%2Fweixin_41869941%2Farticle%2Fdetails%2F82986974&flash=0&avail_w=300&wgl=1&adsid=NT&dt=1571142996029&bpp=15&bdt=1654&fdt=697&idt=697&shv=r20191010&cbv=r20190131&saldr=aa&abxe=1&correlator=2792331077381&frm=20&pv=2&ga_vid=920279127.1571142997&ga_sid=1571142997&ga_hid=2024369943&ga_fc=0&iag=0&icsg=171798691840&dssz=64&mdo=0&mso=8&u_tz=480&u_his=1&u_java=0&u_h=1080&u_w=1920&u_ah=1040&u_aw=1920&u_cd=24&u_nplug=2&u_nmime=2&adx=78&ady=334&biw=1407&bih=720&scr_x=0&scr_y=0&eid=20199335%2C368226300%2C368226305%2C368226310%2C26835105%2C20040011&oid=3&pvsid=3154943512253443&pem=650&ref=https%3A%2F%2Fblog.csdn.net%2Fweixin_41869941%2Farticle%2Fdetails%2F82986974&rx=0&eae=0&fc=640&brdim=299%2C184%2C299%2C184%2C1920%2C0%2C1424%2C720%2C1424%2C720&vis=1&rsz=%7C%7CpeE%7C&abl=CS&pfx=0&fu=24&bc=31&ifi=1&uci=a!1&fsb=1&xpc=Ar0uqF4IdY&p=https%3A//blog.csdn.net&dtd=723 (1)
[1015/203658.529:INFO:CONSOLE(1)] "Uncaught ReferenceError: googqscp is not defined", source: https://googleads.g.doubleclick.net/pagead/ads?client=ca-pub-1076724771190722&output=html&h=250&slotname=7700527946&adk=3032243008&adf=3812820695&w=300&lmt=1571142996&guci=2.2.0.0.2.2.0.0&format=300x250&url=https%3A%2F%2Fblog.csdn.net%2Fweixin_41869941%2Farticle%2Fdetails%2F82986974&flash=0&avail_w=300&wgl=1&adsid=NT&dt=1571142996029&bpp=15&bdt=1654&fdt=697&idt=697&shv=r20191010&cbv=r20190131&saldr=aa&abxe=1&correlator=2792331077381&frm=20&pv=2&ga_vid=920279127.1571142997&ga_sid=1571142997&ga_hid=2024369943&ga_fc=0&iag=0&icsg=171798691840&dssz=64&mdo=0&mso=8&u_tz=480&u_his=1&u_java=0&u_h=1080&u_w=1920&u_ah=1040&u_aw=1920&u_cd=24&u_nplug=2&u_nmime=2&adx=78&ady=334&biw=1407&bih=720&scr_x=0&scr_y=0&eid=20199335%2C368226300%2C368226305%2C368226310%2C26835105%2C20040011&oid=3&pvsid=3154943512253443&pem=650&ref=https%3A%2F%2Fblog.csdn.net%2Fweixin_41869941%2Farticle%2Fdetails%2F82986974&rx=0&eae=0&fc=640&brdim=299%2C184%2C299%2C184%2C1920%2C0%2C1424%2C720%2C1424%2C720&vis=1&rsz=%7C%7CpeE%7C&abl=CS&pfx=0&fu=24&bc=31&ifi=1&uci=a!1&fsb=1&xpc=Ar0uqF4IdY&p=https%3A//blog.csdn.net&dtd=723 (1)
[1015/203658.531:INFO:CONSOLE(1)] "Uncaught ReferenceError: adSlot is not defined", source: https://googleads.g.doubleclick.net/pagead/ads?client=ca-pub-1076724771190722&output=html&h=250&slotname=7700527946&adk=3032243008&adf=3812820695&w=300&lmt=1571142996&guci=2.2.0.0.2.2.0.0&format=300x250&url=https%3A%2F%2Fblog.csdn.net%2Fweixin_41869941%2Farticle%2Fdetails%2F82986974&flash=0&avail_w=300&wgl=1&adsid=NT&dt=1571142996029&bpp=15&bdt=1654&fdt=697&idt=697&shv=r20191010&cbv=r20190131&saldr=aa&abxe=1&correlator=2792331077381&frm=20&pv=2&ga_vid=920279127.1571142997&ga_sid=1571142997&ga_hid=2024369943&ga_fc=0&iag=0&icsg=171798691840&dssz=64&mdo=0&mso=8&u_tz=480&u_his=1&u_java=0&u_h=1080&u_w=1920&u_ah=1040&u_aw=1920&u_cd=24&u_nplug=2&u_nmime=2&adx=78&ady=334&biw=1407&bih=720&scr_x=0&scr_y=0&eid=20199335%2C368226300%2C368226305%2C368226310%2C26835105%2C20040011&oid=3&pvsid=3154943512253443&pem=650&ref=https%3A%2F%2Fblog.csdn.net%2Fweixin_41869941%2Farticle%2Fdetails%2F82986974&rx=0&eae=0&fc=640&brdim=299%2C184%2C299%2C184%2C1920%2C0%2C1424%2C720%2C1424%2C720&vis=1&rsz=%7C%7CpeE%7C&abl=CS&pfx=0&fu=24&bc=31&ifi=1&uci=a!1&fsb=1&xpc=Ar0uqF4IdY&p=https%3A//blog.csdn.net&dtd=723 (1)
[1015/203658.533:INFO:CONSOLE(17)] "Uncaught ReferenceError: googqscp is not defined", source: https://googleads.g.doubleclick.net/pagead/ads?client=ca-pub-1076724771190722&output=html&h=250&slotname=1894159733&adk=4137412083&adf=2584928859&w=300&lmt=1571142996&guci=2.2.0.0.2.2.0.0&format=300x250&url=https%3A%2F%2Fblog.csdn.net%2Fweixin_41869941%2Farticle%2Fdetails%2F82986974&flash=0&avail_w=300&wgl=1&adsid=NT&dt=1571142996045&bpp=13&bdt=1670&fdt=797&idt=798&shv=r20191010&cbv=r20190131&saldr=aa&abxe=1&prev_fmts=300x250&correlator=2792331077381&frm=20&pv=1&ga_vid=920279127.1571142997&ga_sid=1571142997&ga_hid=2024369943&ga_fc=0&iag=0&icsg=687194767360&dssz=68&mdo=0&mso=8&u_tz=480&u_his=1&u_java=0&u_h=1080&u_w=1920&u_ah=1040&u_aw=1920&u_cd=24&u_nplug=2&u_nmime=2&adx=78&ady=1432&biw=1407&bih=720&scr_x=0&scr_y=0&eid=20199335%2C368226300%2C368226305%2C368226310%2C26835105%2C20040011&oid=3&pvsid=3154943512253443&pem=650&ref=https%3A%2F%2Fblog.csdn.net%2Fweixin_41869941%2Farticle%2Fdetails%2F82986974&rx=0&eae=0&fc=640&brdim=299%2C184%2C299%2C184%2C1920%2C0%2C1424%2C720%2C1424%2C720&vis=1&rsz=%7C%7CpeEbr%7C&abl=CS&pfx=0&fu=24&bc=31&ifi=2&uci=a!2&fsb=1&xpc=o2IpifjulH&p=https%3A//blog.csdn.net&dtd=805 (17)
[1015/203729.545:ERROR:data_channel.cc(44)] Accepting maxRetransmits = -1 for backwards compatibility
[1015/203729.546:ERROR:data_channel.cc(49)] Accepting maxRetransmitTime = -1 for backwards compatibility
[1015/203729.547:WARNING:media_session.cc(335)] Duplicate id found. Reassigning from 104 to 127
[1015/203729.547:WARNING:media_session.cc(335)] Duplicate id found. Reassigning from 106 to 125
[1015/203729.547:WARNING:media_session.cc(335)] Duplicate id found. Reassigning from 110 to 124
[1015/203729.547:WARNING:media_session.cc(335)] Duplicate id found. Reassigning from 112 to 123
[1015/203729.547:WARNING:media_session.cc(335)] Duplicate id found. Reassigning from 103 to 122
[1015/203729.547:WARNING:media_session.cc(335)] Duplicate id found. Reassigning from 105 to 121
[1015/203729.547:WARNING:media_session.cc(335)] Duplicate id found. Reassigning from 111 to 120
[1015/203729.547:WARNING:media_session.cc(335)] Duplicate id found. Reassigning from 109 to 119
[1015/203729.548:WARNING:media_session.cc(335)] Duplicate id found. Reassigning from 1 to 14
[1015/203729.548:WARNING:media_session.cc(335)] Duplicate id found. Reassigning from 2 to 13
[1015/203729.548:WARNING:media_session.cc(335)] Duplicate id found. Reassigning from 3 to 12
[1015/203729.548:WARNING:media_session.cc(335)] Duplicate id found. Reassigning from 5 to 11
[1015/203729.548:WARNING:media_session.cc(335)] Duplicate id found. Reassigning from 104 to 127
[1015/203729.548:WARNING:media_session.cc(335)] Duplicate id found. Reassigning from 106 to 125
[1015/203729.548:WARNING:media_session.cc(335)] Duplicate id found. Reassigning from 110 to 124
[1015/203729.548:WARNING:media_session.cc(335)] Duplicate id found. Reassigning from 112 to 123
[1015/203729.549:WARNING:media_session.cc(335)] Duplicate id found. Reassigning from 103 to 122
[1015/203729.549:WARNING:media_session.cc(335)] Duplicate id found. Reassigning from 105 to 121
[1015/203729.549:WARNING:media_session.cc(335)] Duplicate id found. Reassigning from 111 to 120
[1015/203729.549:WARNING:media_session.cc(335)] Duplicate id found. Reassigning from 109 to 119
[1015/203729.549:WARNING:media_session.cc(335)] Duplicate id found. Reassigning from 1 to 14
[1015/203729.549:WARNING:media_session.cc(335)] Duplicate id found. Reassigning from 2 to 13
[1015/203729.549:WARNING:media_session.cc(335)] Duplicate id found. Reassigning from 3 to 12
[1015/203729.549:WARNING:media_session.cc(335)] Duplicate id found. Reassigning from 5 to 11
[1015/203729.596:ERROR:webrtc_sdp.cc(412)] Failed to parse: "a=msid: ". Reason: Missing track ID in msid attribute.
[1015/203729.596:ERROR:webrtc_sdp.cc(412)] Failed to parse: "a=msid: ". Reason: Missing track ID in msid attribute.
[1015/203729.596:ERROR:webrtc_sdp.cc(412)] Failed to parse: "a=msid: ". Reason: Missing track ID in msid attribute.
[1015/203729.596:ERROR:webrtc_sdp.cc(412)] Failed to parse: "a=msid: ". Reason: Missing track ID in msid attribute.
[1015/203729.596:ERROR:rtc_peer_connection_handler.cc(2296)] Failed to create native session description. Type: offer SDP: v=0
o=- 5169312180586911205 2 IN IP4 127.0.0.1
s=-
t=0 0
a=group:BUNDLE 0
a=msid-semantic: WMS
m=application 9 UDP/TLS/RTP/SAVPF 119
c=IN IP4 0.0.0.0
b=AS:30
a=rtcp:9 IN IP4 0.0.0.0
a=ice-ufrag:CfqJ
a=ice-pwd:VPY53bg4Eh11dXrPmjhXSKkY
a=ice-options:trickle
a=fingerprint:sha-256 9A:51:CB:A3:F0:8B:B7:82:36:8C:80:6F:AD:3A:70:FA:ED:E2:C4:27:4E:45:E0:75:C9:B6:46:D4:C1:B4:15:CE
a=setup:actpass
a=mid:0
a=sendrecv
a=msid: 
a=rtcp-mux
a=rtpmap:119 google-data/90000
a=ssrc:2643416255 cname:g8hjypZgGUwCdzED
a=ssrc:2643416255 msid:- 
a=ssrc:2643416255 mslabel:-
a=ssrc:2643416255 label:

[1015/203729.596:ERROR:rtc_peer_connection_handler.cc(1215)] Failed to parse SessionDescription. a=msid:  Missing track ID in msid attribute.
[1015/203729.596:ERROR:webrtc_sdp.cc(412)] Failed to parse: "a=msid: ". Reason: Missing track ID in msid attribute.
[1015/203729.596:ERROR:webrtc_sdp.cc(412)] Failed to parse: "a=msid: ". Reason: Missing track ID in msid attribute.
[1015/203729.596:ERROR:webrtc_sdp.cc(412)] Failed to parse: "a=msid: ". Reason: Missing track ID in msid attribute.
[1015/203729.597:ERROR:webrtc_sdp.cc(412)] Failed to parse: "a=msid: ". Reason: Missing track ID in msid attribute.
[1015/203729.597:ERROR:rtc_peer_connection_handler.cc(2296)] Failed to create native session description. Type: offer SDP: v=0
o=- 5169312180586911205 3 IN IP4 127.0.0.1
s=-
t=0 0
a=group:BUNDLE 1
a=msid-semantic: WMS
m=application 9 UDP/TLS/RTP/SAVPF 119
c=IN IP4 0.0.0.0
b=AS:30
a=rtcp:9 IN IP4 0.0.0.0
a=ice-ufrag:mCP7
a=ice-pwd:nWfHRMWy4CB+rRlol87OGm6x
a=ice-options:trickle
a=fingerprint:sha-256 9A:51:CB:A3:F0:8B:B7:82:36:8C:80:6F:AD:3A:70:FA:ED:E2:C4:27:4E:45:E0:75:C9:B6:46:D4:C1:B4:15:CE
a=setup:actpass
a=mid:1
a=sendrecv
a=msid: 
a=rtcp-mux
a=rtpmap:119 google-data/90000
a=ssrc:951530743 cname:g8hjypZgGUwCdzED
a=ssrc:951530743 msid:- 
a=ssrc:951530743 mslabel:-
a=ssrc:951530743 label:

[1015/203729.597:ERROR:rtc_peer_connection_handler.cc(1215)] Failed to parse SessionDescription. a=msid:  Missing track ID in msid attribute.
[1015/203834.691:INFO:CONSOLE(62)] "[object Arguments]", source: https://ss1.bdstatic.com/5eN1bjq8AAUYm2zgoY3K/r/www/cache/static/protocol/https/global/js/all_async_search_b8e0c61.js (62)
[1015/203834.692:INFO:CONSOLE(1)] "Uncaught TypeError: jQuery110206979895785331045_1571142530330 is not a function", source: https://sp1.baidu.com/5b11fzupBgM18t7jm9iCKT-xh_/sensearch/selecttext?cb=jQuery110206979895785331045_1571142530330&q=toLowerCase()+export+const+UA+%3D+inBrowser+%26%26+window.navigator.userAgent.toLowerCase()&_=1571142530427 (1)
[1015/203836.029:INFO:CONSOLE(62)] "[object Arguments]", source: https://ss1.bdstatic.com/5eN1bjq8AAUYm2zgoY3K/r/www/cache/static/protocol/https/global/js/all_async_search_b8e0c61.js (62)
[1015/203836.029:INFO:CONSOLE(1)] "Uncaught TypeError: jQuery110206979895785331045_1571142530330 is not a function", source: https://sp1.baidu.com/5b11fzupBgM18t7jm9iCKT-xh_/sensearch/selecttext?cb=jQuery110206979895785331045_1571142530330&q=toLowerCase()+export+const+UA+%3D+inBrowser+%26%26+window.navigator.userAgent.toLowerCase()+e&_=1571142530428 (1)
[1015/203912.386:INFO:crash_reporting.cc(219)] Crash reporting enabled for process: browser
[1015/203914.908:INFO:crash_reporting.cc(219)] Crash reporting enabled for process: utility
[1015/203917.369:INFO:crash_reporting.cc(219)] Crash reporting enabled for process: gpu-process
[1015/203917.405:INFO:crash_reporting.cc(219)] Crash reporting enabled for process: renderer
[1015/203917.438:INFO:crash_reporting.cc(219)] Crash reporting enabled for process: renderer
[1015/203929.570:INFO:crash_reporting.cc(219)] Crash reporting enabled for process: browser
[1015/203931.940:INFO:crash_reporting.cc(219)] Crash reporting enabled for process: utility
[1015/203933.321:INFO:crash_reporting.cc(219)] Crash reporting enabled for process: gpu-process
[1015/203933.362:INFO:crash_reporting.cc(219)] Crash reporting enabled for process: renderer
[1015/203933.382:INFO:crash_reporting.cc(219)] Crash reporting enabled for process: renderer
[1015/203939.853:INFO:crash_reporting.cc(219)] Crash reporting enabled for process: renderer
[1015/203939.942:INFO:crash_reporting.cc(219)] Crash reporting enabled for process: renderer
[1015/203940.123:INFO:CONSOLE(719)] "A parser-blocking, cross site (i.e. different eTLD+1) script, https://ss1.bdstatic.com/5eN1bjq8AAUYm2zgoY3K/r/www/cache/static/protocol/https/global/js/all_async_search_b8e0c61.js, is invoked via document.write. The network request for this script MAY be blocked by the browser in this or a future page load due to poor network connectivity. If blocked in this page load, it will be confirmed in a subsequent console message. See https://www.chromestatus.com/feature/5718547946799104 for more details.", source: https://www.baidu.com/ (719)
[1015/203940.124:INFO:CONSOLE(719)] "A parser-blocking, cross site (i.e. different eTLD+1) script, https://ss1.bdstatic.com/5eN1bjq8AAUYm2zgoY3K/r/www/cache/static/protocol/https/global/js/all_async_search_b8e0c61.js, is invoked via document.write. The network request for this script MAY be blocked by the browser in this or a future page load due to poor network connectivity. If blocked in this page load, it will be confirmed in a subsequent console message. See https://www.chromestatus.com/feature/5718547946799104 for more details.", source: https://www.baidu.com/ (719)
[1015/203940.167:INFO:CONSOLE(4)] "Uncaught ReferenceError: c is not defined", source: https://ss1.bdstatic.com/5eN1bjq8AAUYm2zgoY3K/r/www/cache/static/protocol/https/plugins/every_cookie_4644b13.js (4)
[1015/203940.187:INFO:CONSOLE(181)] "你在电脑前看这段文字，
写文字的人在百度等你。
N年前你来到了这个世界，
N年后你想改变世界。

期待你脚踏祥云，
与百度一起改变世界。
", source: https://ss1.bdstatic.com/5eN1bjq8AAUYm2zgoY3K/r/www/cache/static/protocol/https/global/js/all_async_search_b8e0c61.js (181)
[1015/203940.188:INFO:CONSOLE(181)] "%c百度2020校园招聘简历提交：http://dwz.cn/XpoFdepe", source: https://ss1.bdstatic.com/5eN1bjq8AAUYm2zgoY3K/r/www/cache/static/protocol/https/global/js/all_async_search_b8e0c61.js (181)
[1015/203944.913:INFO:crash_reporting.cc(219)] Crash reporting enabled for process: gpu-process
[1015/203949.468:INFO:CONSOLE(2744)] "Synchronous XMLHttpRequest on the main thread is deprecated because of its detrimental effects to the end user's experience. For more help, check https://xhr.spec.whatwg.org/.", source: https://qidian.gtimg.com/c/=/lbf/1.1.0/ui/Nodes/Node.js,/qd/js/component/ajaxSetting.84b88.js,/qd/js/component/common.08bc6.js,/lbf/1.1.0/qidian/report.js,/lbf/1.1.0/ui/Nodes/Pagination.js,/qd/js/component/pinNav.34253.js,/lbf/1.1.0/ui/widget/Switchable/Switchable.js,/lbf/1.1.0/util/EJS.js,/lbf/1.1.0/ui/widget/Panel/Panel.js,/lbf/1.1.0/ui/Nodes/Textarea.js,/lbf/1.1.0/ui/Plugins/TextCounter.js,/qd/js/free/addBook.83d23.js,/lbf/1.1.0/ui/Nodes/Checkbox.js,/lbf/1.1.0/ui/widget/LightTip/LightTip.js,/qd/js/component/votePopup.8d26f.js,/qd/js/book_details/catalog.1bf23.js,/qd/js/read.qidian.com/ejsChinese.a35d9.js,/qd/js/component/loading.aa676.js (2744)
[1015/204022.028:WARNING:render_delay_buffer.cc(341)] Applying total delay of 5 blocks.
[1015/204022.030:ERROR:data_channel.cc(44)] Accepting maxRetransmits = -1 for backwards compatibility
[1015/204022.030:ERROR:data_channel.cc(49)] Accepting maxRetransmitTime = -1 for backwards compatibility
[1015/204022.031:WARNING:media_session.cc(335)] Duplicate id found. Reassigning from 104 to 127
[1015/204022.031:WARNING:media_session.cc(335)] Duplicate id found. Reassigning from 106 to 125
[1015/204022.031:WARNING:media_session.cc(335)] Duplicate id found. Reassigning from 110 to 124
[1015/204022.031:WARNING:media_session.cc(335)] Duplicate id found. Reassigning from 112 to 123
[1015/204022.031:WARNING:media_session.cc(335)] Duplicate id found. Reassigning from 103 to 122
[1015/204022.031:WARNING:media_session.cc(335)] Duplicate id found. Reassigning from 105 to 121
[1015/204022.031:WARNING:media_session.cc(335)] Duplicate id found. Reassigning from 111 to 120
[1015/204022.031:WARNING:media_session.cc(335)] Duplicate id found. Reassigning from 109 to 119
[1015/204022.031:WARNING:media_session.cc(335)] Duplicate id found. Reassigning from 1 to 14
[1015/204022.031:WARNING:media_session.cc(335)] Duplicate id found. Reassigning from 2 to 13
[1015/204022.031:WARNING:media_session.cc(335)] Duplicate id found. Reassigning from 3 to 12
[1015/204022.031:WARNING:media_session.cc(335)] Duplicate id found. Reassigning from 5 to 11
[1015/204022.032:WARNING:media_session.cc(335)] Duplicate id found. Reassigning from 104 to 127
[1015/204022.032:WARNING:media_session.cc(335)] Duplicate id found. Reassigning from 106 to 125
[1015/204022.032:WARNING:media_session.cc(335)] Duplicate id found. Reassigning from 110 to 124
[1015/204022.032:WARNING:media_session.cc(335)] Duplicate id found. Reassigning from 112 to 123
[1015/204022.032:WARNING:media_session.cc(335)] Duplicate id found. Reassigning from 103 to 122
[1015/204022.032:WARNING:media_session.cc(335)] Duplicate id found. Reassigning from 105 to 121
[1015/204022.032:WARNING:media_session.cc(335)] Duplicate id found. Reassigning from 111 to 120
[1015/204022.032:WARNING:media_session.cc(335)] Duplicate id found. Reassigning from 109 to 119
[1015/204022.032:WARNING:media_session.cc(335)] Duplicate id found. Reassigning from 1 to 14
[1015/204022.032:WARNING:media_session.cc(335)] Duplicate id found. Reassigning from 2 to 13
[1015/204022.032:WARNING:media_session.cc(335)] Duplicate id found. Reassigning from 3 to 12
[1015/204022.032:WARNING:media_session.cc(335)] Duplicate id found. Reassigning from 5 to 11
[1015/204022.042:ERROR:webrtc_sdp.cc(412)] Failed to parse: "a=msid: ". Reason: Missing track ID in msid attribute.
[1015/204022.043:ERROR:webrtc_sdp.cc(412)] Failed to parse: "a=msid: ". Reason: Missing track ID in msid attribute.
[1015/204022.043:ERROR:webrtc_sdp.cc(412)] Failed to parse: "a=msid: ". Reason: Missing track ID in msid attribute.
[1015/204022.043:ERROR:webrtc_sdp.cc(412)] Failed to parse: "a=msid: ". Reason: Missing track ID in msid attribute.
[1015/204022.043:ERROR:rtc_peer_connection_handler.cc(2296)] Failed to create native session description. Type: offer SDP: v=0
o=- 7425282085761803219 2 IN IP4 127.0.0.1
s=-
t=0 0
a=group:BUNDLE 0
a=msid-semantic: WMS
m=application 9 UDP/TLS/RTP/SAVPF 119
c=IN IP4 0.0.0.0
b=AS:30
a=rtcp:9 IN IP4 0.0.0.0
a=ice-ufrag:W2bj
a=ice-pwd:/fw24Is+gX8Xg01QVUYL/T+W
a=ice-options:trickle
a=fingerprint:sha-256 E2:C9:D6:3F:D9:B8:53:85:6D:74:CE:5C:72:BE:3B:62:E5:AE:59:49:77:4F:8E:65:A5:93:51:F7:7F:0D:5F:65
a=setup:actpass
a=mid:0
a=sendrecv
a=msid: 
a=rtcp-mux
a=rtpmap:119 google-data/90000
a=ssrc:429671411 cname:2Q+cO1rKbZ1QecHi
a=ssrc:429671411 msid:- 
a=ssrc:429671411 mslabel:-
a=ssrc:429671411 label:

[1015/204022.043:ERROR:rtc_peer_connection_handler.cc(1215)] Failed to parse SessionDescription. a=msid:  Missing track ID in msid attribute.
[1015/204022.044:ERROR:webrtc_sdp.cc(412)] Failed to parse: "a=msid: ". Reason: Missing track ID in msid attribute.
[1015/204022.044:ERROR:webrtc_sdp.cc(412)] Failed to parse: "a=msid: ". Reason: Missing track ID in msid attribute.
[1015/204022.044:ERROR:webrtc_sdp.cc(412)] Failed to parse: "a=msid: ". Reason: Missing track ID in msid attribute.
[1015/204022.044:ERROR:webrtc_sdp.cc(412)] Failed to parse: "a=msid: ". Reason: Missing track ID in msid attribute.
[1015/204022.044:ERROR:rtc_peer_connection_handler.cc(2296)] Failed to create native session description. Type: offer SDP: v=0
o=- 7425282085761803219 3 IN IP4 127.0.0.1
s=-
t=0 0
a=group:BUNDLE 1
a=msid-semantic: WMS
m=application 9 UDP/TLS/RTP/SAVPF 119
c=IN IP4 0.0.0.0
b=AS:30
a=rtcp:9 IN IP4 0.0.0.0
a=ice-ufrag:POOJ
a=ice-pwd:YwjKPRwZjcJwvfkIPt6FUy/l
a=ice-options:trickle
a=fingerprint:sha-256 E2:C9:D6:3F:D9:B8:53:85:6D:74:CE:5C:72:BE:3B:62:E5:AE:59:49:77:4F:8E:65:A5:93:51:F7:7F:0D:5F:65
a=setup:actpass
a=mid:1
a=sendrecv
a=msid: 
a=rtcp-mux
a=rtpmap:119 google-data/90000
a=ssrc:3025712403 cname:2Q+cO1rKbZ1QecHi
a=ssrc:3025712403 msid:- 
a=ssrc:3025712403 mslabel:-
a=ssrc:3025712403 label:

[1015/204022.045:ERROR:rtc_peer_connection_handler.cc(1215)] Failed to parse SessionDescription. a=msid:  Missing track ID in msid attribute.
[1015/204040.634:ERROR:data_channel.cc(44)] Accepting maxRetransmits = -1 for backwards compatibility
[1015/204040.634:ERROR:data_channel.cc(49)] Accepting maxRetransmitTime = -1 for backwards compatibility
[1015/204040.635:WARNING:media_session.cc(335)] Duplicate id found. Reassigning from 104 to 127
[1015/204040.635:WARNING:media_session.cc(335)] Duplicate id found. Reassigning from 106 to 125
[1015/204040.635:WARNING:media_session.cc(335)] Duplicate id found. Reassigning from 110 to 124
[1015/204040.635:WARNING:media_session.cc(335)] Duplicate id found. Reassigning from 112 to 123
[1015/204040.635:WARNING:media_session.cc(335)] Duplicate id found. Reassigning from 103 to 122
[1015/204040.635:WARNING:media_session.cc(335)] Duplicate id found. Reassigning from 105 to 121
[1015/204040.635:WARNING:media_session.cc(335)] Duplicate id found. Reassigning from 111 to 120
[1015/204040.635:WARNING:media_session.cc(335)] Duplicate id found. Reassigning from 109 to 119
[1015/204040.636:WARNING:media_session.cc(335)] Duplicate id found. Reassigning from 1 to 14
[1015/204040.636:WARNING:media_session.cc(335)] Duplicate id found. Reassigning from 2 to 13
[1015/204040.636:WARNING:media_session.cc(335)] Duplicate id found. Reassigning from 3 to 12
[1015/204040.636:WARNING:media_session.cc(335)] Duplicate id found. Reassigning from 5 to 11
[1015/204040.636:WARNING:media_session.cc(335)] Duplicate id found. Reassigning from 104 to 127
[1015/204040.636:WARNING:media_session.cc(335)] Duplicate id found. Reassigning from 106 to 125
[1015/204040.636:WARNING:media_session.cc(335)] Duplicate id found. Reassigning from 110 to 124
[1015/204040.636:WARNING:media_session.cc(335)] Duplicate id found. Reassigning from 112 to 123
[1015/204040.636:WARNING:media_session.cc(335)] Duplicate id found. Reassigning from 103 to 122
[1015/204040.636:WARNING:media_session.cc(335)] Duplicate id found. Reassigning from 105 to 121
[1015/204040.636:WARNING:media_session.cc(335)] Duplicate id found. Reassigning from 111 to 120
[1015/204040.636:WARNING:media_session.cc(335)] Duplicate id found. Reassigning from 109 to 119
[1015/204040.636:WARNING:media_session.cc(335)] Duplicate id found. Reassigning from 1 to 14
[1015/204040.636:WARNING:media_session.cc(335)] Duplicate id found. Reassigning from 2 to 13
[1015/204040.636:WARNING:media_session.cc(335)] Duplicate id found. Reassigning from 3 to 12
[1015/204040.636:WARNING:media_session.cc(335)] Duplicate id found. Reassigning from 5 to 11
[1015/204040.685:ERROR:webrtc_sdp.cc(412)] Failed to parse: "a=msid: ". Reason: Missing track ID in msid attribute.
[1015/204040.685:ERROR:webrtc_sdp.cc(412)] Failed to parse: "a=msid: ". Reason: Missing track ID in msid attribute.
[1015/204040.685:ERROR:webrtc_sdp.cc(412)] Failed to parse: "a=msid: ". Reason: Missing track ID in msid attribute.
[1015/204040.686:ERROR:webrtc_sdp.cc(412)] Failed to parse: "a=msid: ". Reason: Missing track ID in msid attribute.
[1015/204040.686:ERROR:rtc_peer_connection_handler.cc(2296)] Failed to create native session description. Type: offer SDP: v=0
o=- 3589780364147419034 2 IN IP4 127.0.0.1
s=-
t=0 0
a=group:BUNDLE 0
a=msid-semantic: WMS
m=application 9 UDP/TLS/RTP/SAVPF 119
c=IN IP4 0.0.0.0
b=AS:30
a=rtcp:9 IN IP4 0.0.0.0
a=ice-ufrag:2vjf
a=ice-pwd:4xHzhzJgWChGNl4oJK/BvHKT
a=ice-options:trickle
a=fingerprint:sha-256 32:B9:89:93:56:55:8E:16:D6:5D:6A:28:20:55:97:7B:12:DB:6F:E9:EC:D6:40:95:39:84:72:92:8C:66:E8:75
a=setup:actpass
a=mid:0
a=sendrecv
a=msid: 
a=rtcp-mux
a=rtpmap:119 google-data/90000
a=ssrc:1694315538 cname:JG86KI/0J5ypmP6R
a=ssrc:1694315538 msid:- 
a=ssrc:1694315538 mslabel:-
a=ssrc:1694315538 label:

[1015/204040.686:ERROR:rtc_peer_connection_handler.cc(1215)] Failed to parse SessionDescription. a=msid:  Missing track ID in msid attribute.
[1015/204040.686:ERROR:webrtc_sdp.cc(412)] Failed to parse: "a=msid: ". Reason: Missing track ID in msid attribute.
[1015/204040.686:ERROR:webrtc_sdp.cc(412)] Failed to parse: "a=msid: ". Reason: Missing track ID in msid attribute.
[1015/204040.686:ERROR:webrtc_sdp.cc(412)] Failed to parse: "a=msid: ". Reason: Missing track ID in msid attribute.
[1015/204040.686:ERROR:webrtc_sdp.cc(412)] Failed to parse: "a=msid: ". Reason: Missing track ID in msid attribute.
[1015/204040.686:ERROR:rtc_peer_connection_handler.cc(2296)] Failed to create native session description. Type: offer SDP: v=0
o=- 3589780364147419034 3 IN IP4 127.0.0.1
s=-
t=0 0
a=group:BUNDLE 1
a=msid-semantic: WMS
m=application 9 UDP/TLS/RTP/SAVPF 119
c=IN IP4 0.0.0.0
b=AS:30
a=rtcp:9 IN IP4 0.0.0.0
a=ice-ufrag:1wqp
a=ice-pwd:zFQa5ZjaCGIfV4xIm+JcnHkc
a=ice-options:trickle
a=fingerprint:sha-256 32:B9:89:93:56:55:8E:16:D6:5D:6A:28:20:55:97:7B:12:DB:6F:E9:EC:D6:40:95:39:84:72:92:8C:66:E8:75
a=setup:actpass
a=mid:1
a=sendrecv
a=msid: 
a=rtcp-mux
a=rtpmap:119 google-data/90000
a=ssrc:1621742022 cname:JG86KI/0J5ypmP6R
a=ssrc:1621742022 msid:- 
a=ssrc:1621742022 mslabel:-
a=ssrc:1621742022 label:

[1015/204040.686:ERROR:rtc_peer_connection_handler.cc(1215)] Failed to parse SessionDescription. a=msid:  Missing track ID in msid attribute.
